[2025-07-12 21:15:53] ERROR: Failed to fetch emails:未连接到邮件服务器
[2025-07-12 21:19:07] ERROR: Failed to fetch emails:未连接到邮件服务器
[2025-07-12 21:19:40] ERROR: Failed to fetch emails:未连接到邮件服务器
[2025-07-12 22:19:37] ERROR: 创建定时任务失败: Failed to parse duration @every 300000000000: time: missing unit in duration "300000000000"
[2025-07-12 22:19:56] ERROR: 创建定时任务失败: Failed to parse duration @every 300000000000: time: missing unit in duration "300000000000"
[2025-07-12 22:20:51] ERROR: 创建定时任务失败: Failed to parse duration @every 300000000000: time: missing unit in duration "300000000000"
[2025-07-12 22:25:32] ERROR: 创建定时任务失败: Failed to parse duration @every 300000000000: time: missing unit in duration "300000000000"
[2025-07-12 22:53:51] INFO: 邮件监控服务已启动(检查间隔: 5m0s)，按Ctrl+C退出
[2025-07-12 22:55:00] INFO: 邮件监控服务已启动(检查间隔: 5m0s)，按Ctrl+C退出
[2025-07-12 23:00:10] INFO: 开始定时检查(间隔: @every 1m)...
[2025-07-12 23:00:10] INFO: 开始检查邮箱...
[2025-07-12 23:01:17] ERROR: 检查处理邮件失败: 邮件服务连接失败: 登录失败: Login fail. Account is abnormal, service is not open, password is incorrect, login frequency limited, or system is busy. More information at https://help.mail.qq.com/detail/108/1023
[2025-07-12 23:08:55] INFO: 开始定时检查(间隔: @every 1m)...
[2025-07-12 23:08:59] INFO: 开始检查邮箱...
[2025-07-12 23:09:00] ERROR: 检查处理邮件失败: 邮件服务连接失败: 登录失败: Login fail. Account is abnormal, service is not open, password is incorrect, login frequency limited, or system is busy. More information at https://help.mail.qq.com/detail/108/1023
[2025-07-12 23:09:38] INFO: 邮件监控服务已启动(检查间隔: 5m0s)，按Ctrl+C退出
[2025-07-12 23:10:42] INFO: 开始定时检查(间隔: @every 5m0s)...
[2025-07-12 23:10:42] INFO: 开始检查邮箱...
[2025-07-12 23:12:13] INFO: 开始定时检查(间隔: @every 5m0s)...
[2025-07-12 23:12:13] INFO: 开始检查邮箱...
[2025-07-12 23:15:41] INFO: 邮件监控服务已启动(检查间隔: 5m0s)，按Ctrl+C退出
[2025-07-12 23:16:41] INFO: 开始定时检查(间隔: @every 5m0s)...
[2025-07-12 23:16:41] INFO: 开始检查邮箱...
[2025-07-12 23:21:03] INFO: 邮件监控服务已启动(检查间隔: 5m0s)，按Ctrl+C退出
[2025-07-12 23:22:03] INFO: 开始定时检查(间隔: @every 5m0s)...
[2025-07-12 23:22:03] INFO: 开始检查邮箱...
[2025-07-12 23:22:05] INFO: 发现3封未读邮件，开始处理...
[2025-07-12 23:22:05] INFO: 处理完成，耗时: 2.131682037s
[2025-07-12 23:23:03] INFO: 开始定时检查(间隔: @every 5m0s)...
[2025-07-12 23:23:03] INFO: 开始检查邮箱...
[2025-07-12 23:23:04] INFO: 发现4封未读邮件，开始处理...
[2025-07-12 23:23:04] INFO: 处理完成，耗时: 1.487159232s
[2025-07-12 23:24:03] INFO: 开始定时检查(间隔: @every 5m0s)...
[2025-07-12 23:24:06] INFO: 开始检查邮箱...
[2025-07-12 23:24:43] INFO: 发现4封未读邮件，开始处理...
[2025-07-12 23:25:03] INFO: 开始定时检查(间隔: @every 5m0s)...
[2025-07-12 23:25:16] INFO: 开始检查邮箱...
[2025-07-12 23:25:16] INFO: 处理完成，耗时: 1m11.488137634s
[2025-07-12 23:25:20] INFO: 发现4封未读邮件，开始处理...
[2025-07-12 23:27:57] INFO: 开始定时检查(间隔: @every 5m0s)...
[2025-07-12 23:27:57] INFO: 开始检查邮箱...
[2025-07-12 23:27:57] INFO: 处理完成，耗时: 2m40.685352699s
[2025-07-12 23:28:03] INFO: 发现4封未读邮件，开始处理...
[2025-07-12 23:29:34] INFO: 开始定时检查(间隔: @every 5m0s)...
[2025-07-12 23:29:34] INFO: 开始检查邮箱...
[2025-07-12 23:29:39] INFO: 处理完成，耗时: 1m41.430206174s
[2025-07-12 23:29:40] INFO: 发现4封未读邮件，开始处理...
[2025-07-12 23:29:42] INFO: 处理完成，耗时: 8.440698989s
[2025-07-12 23:39:29] INFO: 邮件监控服务已启动(检查间隔: 5m0s)，按Ctrl+C退出
[2025-07-12 23:40:29] INFO: 开始定时检查(间隔: @every 5m0s)...
[2025-07-12 23:40:29] INFO: 开始检查邮箱...
[2025-07-12 23:41:35] INFO: 开始定时检查(间隔: @every 5m0s)...
[2025-07-12 23:41:48] INFO: 开始检查邮箱...
[2025-07-12 23:43:01] INFO: 开始定时检查(间隔: @every 5m0s)...
[2025-07-12 23:43:01] INFO: 开始检查邮箱...
[2025-07-12 23:45:04] INFO: 开始定时检查(间隔: @every 5m0s)...
[2025-07-12 23:45:09] INFO: 开始检查邮箱...
[2025-07-12 23:46:07] INFO: 开始定时检查(间隔: @every 5m0s)...
[2025-07-12 23:46:07] INFO: 开始检查邮箱...
[2025-07-12 23:46:55] ERROR: 检查处理邮件失败: 获取未读邮件失败: 获取邮件内容失败: imap: connection closed
[2025-07-12 23:47:07] INFO: 开始定时检查(间隔: @every 5m0s)...
[2025-07-12 23:47:07] INFO: 开始检查邮箱...
[2025-07-12 23:47:12] INFO: 发现4封未读邮件，开始处理...
[2025-07-12 23:47:12] INFO: 处理完成，耗时: 2m3.477214584s
[2025-07-12 23:47:21] INFO: 发现4封未读邮件，开始处理...
[2025-07-12 23:47:21] INFO: 处理完成，耗时: 5m32.705567965s
[2025-07-12 23:47:26] INFO: 发现4封未读邮件，开始处理...
[2025-07-12 23:47:26] INFO: 处理完成，耗时: 4m25.082125661s
[2025-07-12 23:47:31] INFO: 发现4封未读邮件，开始处理...
[2025-07-12 23:47:31] INFO: 处理完成，耗时: 1m23.966330539s
[2025-07-12 23:47:36] INFO: 发现4封未读邮件，开始处理...
[2025-07-12 23:47:37] INFO: 处理完成，耗时: 29.994673928s
[2025-07-12 23:48:07] INFO: 开始定时检查(间隔: @every 5m0s)...
[2025-07-12 23:48:07] INFO: 开始检查邮箱...
[2025-07-12 23:49:47] INFO: 邮件监控服务已启动(检查间隔: 5m0s)，按Ctrl+C退出
[2025-07-12 23:50:47] INFO: 开始定时检查(间隔: @every 5m0s)...
[2025-07-12 23:50:47] INFO: 开始检查邮箱...
[2025-07-12 23:53:07] INFO: 开始定时检查(间隔: @every 5m0s)...
[2025-07-12 23:53:07] INFO: 开始检查邮箱...
[2025-07-12 23:53:16] ERROR: 检查处理邮件失败: 获取未读邮件失败: 获取邮件内容失败: imap: connection closed
[2025-07-12 23:53:24] INFO: 开始定时检查(间隔: @every 5m0s)...
[2025-07-12 23:53:24] INFO: 开始检查邮箱...
[2025-07-12 23:54:11] ERROR: 检查处理邮件失败: 获取未读邮件失败: 获取邮件内容失败: imap: connection closed
[2025-07-12 23:54:18] INFO: 发现4封未读邮件，开始处理...
[2025-07-12 23:54:41] INFO: 开始定时检查(间隔: @every 5m0s)...
[2025-07-12 23:54:42] INFO: 开始检查邮箱...
[2025-07-12 23:56:33] INFO: 开始定时检查(间隔: @every 5m0s)...
[2025-07-12 23:56:33] INFO: 开始检查邮箱...
[2025-07-12 23:56:33] INFO: 处理完成，耗时: 3m9.656234516s
[2025-07-12 23:57:02] INFO: 邮件监控服务已启动(检查间隔: 5m0s)，按Ctrl+C退出
[2025-07-12 23:58:02] INFO: 开始定时检查(间隔: @every 5m0s)...
[2025-07-12 23:58:02] INFO: 开始检查邮箱...
[2025-07-12 23:59:07] INFO: 开始定时检查(间隔: @every 5m0s)...
[2025-07-12 23:59:07] INFO: 开始检查邮箱...
[2025-07-13 00:00:28] INFO: 发现4封未读邮件，开始处理...
[2025-07-13 00:00:28] INFO: 开始定时检查(间隔: @every 5m0s)...
[2025-07-13 00:00:33] INFO: 开始检查邮箱...
[2025-07-13 00:01:21] INFO: 邮件监控服务已启动(检查间隔: 5m0s)，按Ctrl+C退出
[2025-07-13 00:02:21] INFO: 开始定时检查(间隔: @every 5m0s)...
[2025-07-13 00:02:21] INFO: 开始检查邮箱...
[2025-07-13 00:03:29] INFO: 开始定时检查(间隔: @every 5m0s)...
[2025-07-13 00:03:46] INFO: 开始检查邮箱...
[2025-07-13 00:04:59] INFO: 开始定时检查(间隔: @every 5m0s)...
[2025-07-13 00:04:59] INFO: 开始检查邮箱...
[2025-07-13 00:04:59] ERROR: 检查处理邮件失败: 获取未读邮件失败: 获取邮件内容失败: imap: connection closed
[2025-07-13 00:06:28] INFO: 开始定时检查(间隔: @every 5m0s)...
[2025-07-13 00:06:28] INFO: 开始检查邮箱...
[2025-07-13 00:09:38] INFO: 邮件监控服务已启动(检查间隔: 5m0s)，按Ctrl+C退出
[2025-07-13 00:10:38] INFO: 开始定时检查(间隔: @every 5m0s)...
[2025-07-13 00:10:38] INFO: 开始检查邮箱...
[2025-07-13 00:11:40] INFO: 开始定时检查(间隔: @every 5m0s)...
[2025-07-13 00:11:40] INFO: 开始检查邮箱...
[2025-07-13 00:14:33] INFO: 开始定时检查(间隔: @every 5m0s)...
[2025-07-13 00:14:33] INFO: 开始检查邮箱...
[2025-07-13 00:15:34] INFO: 开始定时检查(间隔: @every 5m0s)...
[2025-07-13 00:15:38] INFO: 开始检查邮箱...
[2025-07-13 00:16:22] ERROR: 检查处理邮件失败: 获取未读邮件失败: 获取邮件内容失败: imap: connection closed
[2025-07-13 00:19:13] INFO: 邮件监控服务已启动(检查间隔: 5m0s)，按Ctrl+C退出
[2025-07-13 00:20:13] INFO: 开始定时检查(间隔: @every 5m0s)...
[2025-07-13 00:20:13] INFO: 开始检查邮箱...
[2025-07-13 00:21:13] INFO: 开始定时检查(间隔: @every 5m0s)...
[2025-07-13 00:21:14] INFO: 开始检查邮箱...
[2025-07-13 00:22:39] INFO: 开始定时检查(间隔: @every 5m0s)...
[2025-07-13 00:22:39] INFO: 开始检查邮箱...
[2025-07-13 00:22:41] INFO: 发现4封未读邮件，开始处理...
[2025-07-13 00:24:35] INFO: 开始定时检查(间隔: @every 5m0s)...
[2025-07-13 00:24:35] INFO: 开始检查邮箱...
[2025-07-13 00:24:35] INFO: 处理完成，耗时: 4m22.561574906s
[2025-07-13 00:24:39] INFO: 发现4封未读邮件，开始处理...
[2025-07-13 00:24:40] INFO: 处理完成，耗时: 3m26.172328187s
[2025-07-13 00:24:44] INFO: 发现4封未读邮件，开始处理...
[2025-07-13 00:24:44] INFO: 处理完成，耗时: 9.339511945s
[2025-07-13 00:24:54] INFO: 发现4封未读邮件，开始处理...
[2025-07-13 00:24:56] INFO: 处理完成，耗时: 2m17.189675042s
[2025-07-13 00:25:34] INFO: 开始定时检查(间隔: @every 5m0s)...
[2025-07-13 00:25:34] INFO: 开始检查邮箱...
[2025-07-13 00:26:41] INFO: 开始定时检查(间隔: @every 5m0s)...
[2025-07-13 00:26:41] INFO: 开始检查邮箱...
[2025-07-13 00:27:24] INFO: 发现4封未读邮件，开始处理...
[2025-07-13 00:27:27] INFO: 处理完成，耗时: 1m52.433224223s
[2025-07-13 00:27:41] INFO: 开始定时检查(间隔: @every 5m0s)...
[2025-07-13 00:27:41] INFO: 开始检查邮箱...
[2025-07-13 00:27:47] INFO: 发现4封未读邮件，开始处理...
[2025-07-13 00:27:50] INFO: 处理完成，耗时: 1m9.063622501s
[2025-07-13 00:27:58] INFO: 发现4封未读邮件，开始处理...
[2025-07-13 00:28:00] INFO: 处理完成，耗时: 19.697979321s
[2025-07-13 00:28:40] INFO: 开始定时检查(间隔: @every 5m0s)...
[2025-07-13 00:28:40] INFO: 开始检查邮箱...
[2025-07-13 00:28:46] INFO: 发现4封未读邮件，开始处理...
[2025-07-13 00:28:55] INFO: 处理完成，耗时: 14.159794157s
[2025-07-13 00:29:40] INFO: 开始定时检查(间隔: @every 5m0s)...
[2025-07-13 00:29:40] INFO: 开始检查邮箱...
[2025-07-13 00:29:41] INFO: 发现4封未读邮件，开始处理...
[2025-07-13 00:29:41] INFO: 处理完成，耗时: 1.6518445s
[2025-07-13 00:30:40] INFO: 开始定时检查(间隔: @every 5m0s)...
[2025-07-13 00:30:40] INFO: 开始检查邮箱...
[2025-07-13 00:30:41] INFO: 发现4封未读邮件，开始处理...
[2025-07-13 00:30:41] INFO: 处理完成，耗时: 1.491994445s
[2025-07-13 00:31:40] INFO: 开始定时检查(间隔: @every 5m0s)...
[2025-07-13 00:31:52] INFO: 开始检查邮箱...
[2025-07-13 00:32:53] INFO: 开始定时检查(间隔: @every 5m0s)...
[2025-07-13 00:33:07] INFO: 开始检查邮箱...
[2025-07-13 00:34:41] INFO: 开始定时检查(间隔: @every 5m0s)...
[2025-07-13 00:34:48] INFO: 开始检查邮箱...
[2025-07-13 00:35:54] INFO: 开始定时检查(间隔: @every 5m0s)...
[2025-07-13 00:35:58] INFO: 开始检查邮箱...
[2025-07-13 00:36:31] INFO: 邮件监控服务已启动(检查间隔: 5m0s)，按Ctrl+C退出
[2025-07-13 00:37:31] INFO: 开始定时检查(间隔: @every 5m0s)...
[2025-07-13 00:37:31] INFO: 开始检查邮箱...
[2025-07-13 00:49:12] INFO: 邮件监控服务已启动(检查间隔: 5m0s)，按Ctrl+C退出
[2025-07-13 00:50:12] INFO: 开始定时检查(间隔: @every 5m0s)...
[2025-07-13 00:50:25] INFO: 开始检查邮箱...
[2025-07-13 00:50:35] INFO: 发现4封未读邮件，开始处理...
[2025-07-13 00:50:35] INFO: 处理完成，耗时: 10.711744771s
[2025-07-13 00:51:12] INFO: 开始定时检查(间隔: @every 5m0s)...
[2025-07-13 00:51:19] INFO: 开始检查邮箱...
[2025-07-13 00:51:21] INFO: 发现4封未读邮件，开始处理...
[2025-07-13 00:51:21] INFO: 处理完成，耗时: 2.523522277s
[2025-07-13 00:52:12] INFO: 开始定时检查(间隔: @every 5m0s)...
[2025-07-13 00:52:12] INFO: 开始检查邮箱...
[2025-07-13 00:52:14] INFO: 发现4封未读邮件，开始处理...
[2025-07-13 00:52:14] INFO: 处理完成，耗时: 2.106150788s
[2025-07-13 00:53:12] INFO: 开始定时检查(间隔: @every 5m0s)...
[2025-07-13 00:53:12] INFO: 开始检查邮箱...
[2025-07-13 01:01:13] INFO: 邮件监控服务已启动(检查间隔: 5m0s)，按Ctrl+C退出
[2025-07-13 01:02:13] INFO: 开始定时检查(间隔: @every 5m0s)...
[2025-07-13 01:02:13] INFO: 开始检查邮箱...
[2025-07-13 01:03:17] INFO: 开始定时检查(间隔: @every 5m0s)...
[2025-07-13 01:03:17] INFO: 开始检查邮箱...
[2025-07-13 01:03:24] INFO: 发现4封未读邮件，开始处理...
[2025-07-13 01:03:24] INFO: 处理完成，耗时: 1m11.099368172s
[2025-07-13 01:28:21] INFO: 邮件监控服务已启动(检查间隔: 5m0s)，按Ctrl+C退出
[2025-07-13 01:29:21] INFO: 开始定时检查(间隔: @every 5m0s)...
[2025-07-13 01:29:21] INFO: 开始检查邮箱...
[2025-07-13 01:29:50] INFO: 发现主题包含'兴效能'的邮件，最新邮件日期: 2025-07-12 22:59:37 +0800 CST
[2025-07-13 01:29:50] INFO: 处理完成，耗时: 29.384063301s
[2025-07-13 01:30:21] INFO: 开始定时检查(间隔: @every 5m0s)...
[2025-07-13 01:30:21] INFO: 开始检查邮箱...
[2025-07-13 01:33:04] INFO: 邮件监控服务已启动(检查间隔: 5m0s)，按Ctrl+C退出
[2025-07-13 01:34:04] INFO: 开始定时检查(间隔: @every 5m0s)...
[2025-07-13 01:34:04] INFO: 开始检查邮箱...
[2025-07-13 01:34:24] INFO: 发现主题包含'兴效能'的邮件，最新邮件日期: 2025-07-12 22:59:37 +0800 CST
[2025-07-13 01:34:24] INFO: 处理完成，耗时: 20.040431628s
[2025-07-13 01:35:04] INFO: 开始定时检查(间隔: @every 5m0s)...
[2025-07-13 01:35:04] INFO: 开始检查邮箱...
[2025-07-13 01:35:13] INFO: 发现主题包含'兴效能'的邮件，最新邮件日期: 2025-07-12 22:59:37 +0800 CST
[2025-07-13 01:35:13] INFO: 处理完成，耗时: 9.235243885s
[2025-07-13 01:36:04] INFO: 开始定时检查(间隔: @every 5m0s)...
[2025-07-13 01:36:04] INFO: 开始检查邮箱...
[2025-07-13 01:36:09] INFO: 发现主题包含'兴效能'的邮件，最新邮件日期: 2025-07-12 22:59:37 +0800 CST
[2025-07-13 01:36:09] INFO: 处理完成，耗时: 5.70822108s
[2025-07-13 01:37:04] INFO: 开始定时检查(间隔: @every 5m0s)...
[2025-07-13 01:37:04] INFO: 开始检查邮箱...
[2025-07-13 01:37:06] INFO: 发现主题包含'兴效能'的邮件，最新邮件日期: 2025-07-12 22:59:37 +0800 CST
[2025-07-13 01:37:06] INFO: 处理完成，耗时: 2.135438241s
[2025-07-13 01:38:04] INFO: 开始定时检查(间隔: @every 5m0s)...
[2025-07-13 01:38:04] INFO: 开始检查邮箱...
[2025-07-13 01:38:05] INFO: 发现主题包含'兴效能'的邮件，最新邮件日期: 2025-07-12 22:59:37 +0800 CST
[2025-07-13 01:38:05] INFO: 处理完成，耗时: 1.818282835s
[2025-07-13 01:39:04] INFO: 开始定时检查(间隔: @every 5m0s)...
[2025-07-13 01:39:04] INFO: 开始检查邮箱...
[2025-07-13 01:39:05] INFO: 发现主题包含'兴效能'的邮件，最新邮件日期: 2025-07-12 22:59:37 +0800 CST
[2025-07-13 01:39:05] INFO: 处理完成，耗时: 1.779267425s
[2025-07-13 01:40:04] INFO: 开始定时检查(间隔: @every 5m0s)...
[2025-07-13 01:40:04] INFO: 开始检查邮箱...
[2025-07-13 01:40:06] INFO: 发现主题包含'兴效能'的邮件，最新邮件日期: 2025-07-12 22:59:37 +0800 CST
[2025-07-13 01:40:06] INFO: 处理完成，耗时: 2.17509318s
[2025-07-13 01:41:04] INFO: 开始定时检查(间隔: @every 5m0s)...
[2025-07-13 01:41:04] INFO: 开始检查邮箱...
[2025-07-13 01:41:06] INFO: 发现主题包含'兴效能'的邮件，最新邮件日期: 2025-07-12 22:59:37 +0800 CST
[2025-07-13 01:41:06] INFO: 处理完成，耗时: 2.179064576s
[2025-07-13 01:42:04] INFO: 开始定时检查(间隔: @every 5m0s)...
[2025-07-13 01:42:04] INFO: 开始检查邮箱...
[2025-07-13 01:42:05] INFO: 发现主题包含'兴效能'的邮件，最新邮件日期: 2025-07-12 22:59:37 +0800 CST
[2025-07-13 01:42:05] INFO: 处理完成，耗时: 1.582791853s
[2025-07-13 01:43:04] INFO: 开始定时检查(间隔: @every 5m0s)...
[2025-07-13 01:43:04] INFO: 开始检查邮箱...
[2025-07-13 01:43:06] INFO: 发现主题包含'兴效能'的邮件，最新邮件日期: 2025-07-12 22:59:37 +0800 CST
[2025-07-13 01:43:06] INFO: 处理完成，耗时: 2.493707574s
[2025-07-13 01:44:04] INFO: 开始定时检查(间隔: @every 5m0s)...
[2025-07-13 01:44:04] INFO: 开始检查邮箱...
[2025-07-13 01:44:06] INFO: 发现主题包含'兴效能'的邮件，最新邮件日期: 2025-07-12 22:59:37 +0800 CST
[2025-07-13 01:44:06] INFO: 处理完成，耗时: 1.948604562s
[2025-07-13 01:45:04] INFO: 开始定时检查(间隔: @every 5m0s)...
[2025-07-13 01:45:04] INFO: 开始检查邮箱...
[2025-07-13 01:45:07] INFO: 发现主题包含'兴效能'的邮件，最新邮件日期: 2025-07-12 22:59:37 +0800 CST
[2025-07-13 01:45:07] INFO: 处理完成，耗时: 3.494879437s
[2025-07-13 01:46:04] INFO: 开始定时检查(间隔: @every 5m0s)...
[2025-07-13 01:46:04] INFO: 开始检查邮箱...
[2025-07-13 01:46:06] INFO: 发现主题包含'兴效能'的邮件，最新邮件日期: 2025-07-13 01:45:18 +0800 CST
[2025-07-13 01:46:06] INFO: 处理完成，耗时: 2.69219746s
[2025-07-13 01:47:04] INFO: 开始定时检查(间隔: @every 5m0s)...
[2025-07-13 01:47:04] INFO: 开始检查邮箱...
[2025-07-13 01:47:06] INFO: 发现主题包含'兴效能'的邮件，最新邮件日期: 2025-07-13 01:45:18 +0800 CST
[2025-07-13 01:47:06] INFO: 处理完成，耗时: 2.218353409s
[2025-07-13 01:48:04] INFO: 开始定时检查(间隔: @every 5m0s)...
[2025-07-13 01:48:04] INFO: 开始检查邮箱...
[2025-07-13 01:48:06] INFO: 发现主题包含'兴效能'的邮件，最新邮件日期: 2025-07-13 01:45:18 +0800 CST
[2025-07-13 01:48:06] INFO: 处理完成，耗时: 2.305141148s
[2025-07-13 01:49:04] INFO: 开始定时检查(间隔: @every 5m0s)...
[2025-07-13 01:49:04] INFO: 开始检查邮箱...
[2025-07-13 01:49:06] INFO: 发现主题包含'兴效能'的邮件，最新邮件日期: 2025-07-13 01:45:18 +0800 CST
[2025-07-13 01:49:06] INFO: 处理完成，耗时: 2.851088118s
[2025-07-13 01:50:04] INFO: 开始定时检查(间隔: @every 5m0s)...
[2025-07-13 01:50:04] INFO: 开始检查邮箱...
[2025-07-13 01:50:06] INFO: 发现主题包含'兴效能'的邮件，最新邮件日期: 2025-07-13 01:45:18 +0800 CST
[2025-07-13 01:50:06] INFO: 处理完成，耗时: 2.107096215s
[2025-07-13 01:51:04] INFO: 开始定时检查(间隔: @every 5m0s)...
[2025-07-13 01:51:04] INFO: 开始检查邮箱...
[2025-07-13 01:51:09] INFO: 发现主题包含'兴效能'的邮件，最新邮件日期: 2025-07-13 01:45:18 +0800 CST
[2025-07-13 01:51:09] INFO: 处理完成，耗时: 5.906271542s
[2025-07-13 01:52:04] INFO: 开始定时检查(间隔: @every 5m0s)...
[2025-07-13 01:52:04] INFO: 开始检查邮箱...
[2025-07-13 01:52:10] INFO: 发现主题包含'兴效能'的邮件，最新邮件日期: 2025-07-13 01:45:18 +0800 CST
[2025-07-13 01:52:10] INFO: 处理完成，耗时: 6.207743368s
[2025-07-13 01:53:04] INFO: 开始定时检查(间隔: @every 5m0s)...
[2025-07-13 01:53:04] INFO: 开始检查邮箱...
[2025-07-13 01:53:08] INFO: 发现主题包含'兴效能'的邮件，最新邮件日期: 2025-07-13 01:45:18 +0800 CST
[2025-07-13 01:53:08] INFO: 处理完成，耗时: 4.521201176s
[2025-07-13 01:54:04] INFO: 开始定时检查(间隔: @every 5m0s)...
[2025-07-13 01:54:04] INFO: 开始检查邮箱...
[2025-07-13 01:54:10] INFO: 发现主题包含'兴效能'的邮件，最新邮件日期: 2025-07-13 01:45:18 +0800 CST
[2025-07-13 01:54:10] INFO: 处理完成，耗时: 6.616853482s
[2025-07-13 01:55:04] INFO: 开始定时检查(间隔: @every 5m0s)...
[2025-07-13 01:55:04] INFO: 开始检查邮箱...
[2025-07-13 01:55:06] INFO: 发现主题包含'兴效能'的邮件，最新邮件日期: 2025-07-13 01:45:18 +0800 CST
[2025-07-13 01:55:06] INFO: 处理完成，耗时: 2.518334486s
[2025-07-13 01:56:04] INFO: 开始定时检查(间隔: @every 5m0s)...
[2025-07-13 01:56:04] INFO: 开始检查邮箱...
[2025-07-13 01:56:06] INFO: 发现主题包含'兴效能'的邮件，最新邮件日期: 2025-07-13 01:45:18 +0800 CST
[2025-07-13 01:56:06] INFO: 处理完成，耗时: 2.168057228s
[2025-07-13 01:57:04] INFO: 开始定时检查(间隔: @every 5m0s)...
[2025-07-13 01:57:04] INFO: 开始检查邮箱...
[2025-07-13 01:57:10] INFO: 发现主题包含'兴效能'的邮件，最新邮件日期: 2025-07-13 01:45:18 +0800 CST
[2025-07-13 01:57:10] INFO: 处理完成，耗时: 6.696953496s
[2025-07-13 01:58:04] INFO: 开始定时检查(间隔: @every 5m0s)...
[2025-07-13 01:58:04] INFO: 开始检查邮箱...
[2025-07-13 01:58:11] INFO: 发现主题包含'兴效能'的邮件，最新邮件日期: 2025-07-13 01:45:18 +0800 CST
[2025-07-13 01:58:11] INFO: 处理完成，耗时: 6.900183844s
[2025-07-13 01:59:04] INFO: 开始定时检查(间隔: @every 5m0s)...
[2025-07-13 01:59:04] INFO: 开始检查邮箱...
[2025-07-13 01:59:05] INFO: 发现主题包含'兴效能'的邮件，最新邮件日期: 2025-07-13 01:45:18 +0800 CST
[2025-07-13 01:59:05] INFO: 处理完成，耗时: 1.729732861s
[2025-07-13 02:00:04] INFO: 开始定时检查(间隔: @every 5m0s)...
[2025-07-13 02:00:04] INFO: 开始检查邮箱...
[2025-07-13 02:00:05] INFO: 发现主题包含'兴效能'的邮件，最新邮件日期: 2025-07-13 01:45:18 +0800 CST
[2025-07-13 02:00:05] INFO: 处理完成，耗时: 1.852857534s
[2025-07-13 02:01:04] INFO: 开始定时检查(间隔: @every 5m0s)...
[2025-07-13 02:01:04] INFO: 开始检查邮箱...
[2025-07-13 02:01:09] INFO: 发现主题包含'兴效能'的邮件，最新邮件日期: 2025-07-13 01:45:18 +0800 CST
[2025-07-13 02:01:09] INFO: 处理完成，耗时: 5.827396275s
[2025-07-13 02:02:04] INFO: 开始定时检查(间隔: @every 5m0s)...
[2025-07-13 02:02:04] INFO: 开始检查邮箱...
[2025-07-13 02:02:10] INFO: 发现主题包含'兴效能'的邮件，最新邮件日期: 2025-07-13 01:45:18 +0800 CST
[2025-07-13 02:02:10] INFO: 处理完成，耗时: 6.473445613s
[2025-07-13 02:03:04] INFO: 开始定时检查(间隔: @every 5m0s)...
[2025-07-13 02:03:04] INFO: 开始检查邮箱...
[2025-07-13 02:03:06] INFO: 发现主题包含'兴效能'的邮件，最新邮件日期: 2025-07-13 01:45:18 +0800 CST
[2025-07-13 02:03:06] INFO: 处理完成，耗时: 2.125562235s
[2025-07-13 02:04:04] INFO: 开始定时检查(间隔: @every 5m0s)...
[2025-07-13 02:04:04] INFO: 开始检查邮箱...
[2025-07-13 02:04:06] INFO: 发现主题包含'兴效能'的邮件，最新邮件日期: 2025-07-13 01:45:18 +0800 CST
[2025-07-13 02:04:06] INFO: 处理完成，耗时: 2.132386517s
[2025-07-13 02:05:04] INFO: 开始定时检查(间隔: @every 5m0s)...
[2025-07-13 02:05:04] INFO: 开始检查邮箱...
[2025-07-13 02:05:06] INFO: 发现主题包含'兴效能'的邮件，最新邮件日期: 2025-07-13 01:45:18 +0800 CST
[2025-07-13 02:05:06] INFO: 处理完成，耗时: 2.260144903s
[2025-07-13 02:06:04] INFO: 开始定时检查(间隔: @every 5m0s)...
[2025-07-13 02:06:04] INFO: 开始检查邮箱...
[2025-07-13 02:06:06] INFO: 发现主题包含'兴效能'的邮件，最新邮件日期: 2025-07-13 01:45:18 +0800 CST
[2025-07-13 02:06:06] INFO: 处理完成，耗时: 2.134730218s
[2025-07-13 02:07:04] INFO: 开始定时检查(间隔: @every 5m0s)...
[2025-07-13 02:07:04] INFO: 开始检查邮箱...
[2025-07-13 02:07:10] INFO: 发现主题包含'兴效能'的邮件，最新邮件日期: 2025-07-13 01:45:18 +0800 CST
[2025-07-13 02:07:10] INFO: 处理完成，耗时: 6.370203996s
[2025-07-13 02:08:04] INFO: 开始定时检查(间隔: @every 5m0s)...
[2025-07-13 02:08:04] INFO: 开始检查邮箱...
[2025-07-13 02:08:06] INFO: 发现主题包含'兴效能'的邮件，最新邮件日期: 2025-07-13 01:45:18 +0800 CST
[2025-07-13 02:08:06] INFO: 处理完成，耗时: 2.325193824s
[2025-07-13 02:09:04] INFO: 开始定时检查(间隔: @every 5m0s)...
[2025-07-13 02:09:04] INFO: 开始检查邮箱...
[2025-07-13 02:09:06] INFO: 发现主题包含'兴效能'的邮件，最新邮件日期: 2025-07-13 01:45:18 +0800 CST
[2025-07-13 02:09:06] INFO: 处理完成，耗时: 2.397946167s
[2025-07-13 02:10:04] INFO: 开始定时检查(间隔: @every 5m0s)...
[2025-07-13 02:10:04] INFO: 开始检查邮箱...
[2025-07-13 02:10:06] INFO: 发现主题包含'兴效能'的邮件，最新邮件日期: 2025-07-13 01:45:18 +0800 CST
[2025-07-13 02:10:06] INFO: 处理完成，耗时: 2.538791592s
[2025-07-13 02:11:04] INFO: 开始定时检查(间隔: @every 5m0s)...
[2025-07-13 02:11:04] INFO: 开始检查邮箱...
[2025-07-13 02:11:06] INFO: 发现主题包含'兴效能'的邮件，最新邮件日期: 2025-07-13 01:45:18 +0800 CST
[2025-07-13 02:11:06] INFO: 处理完成，耗时: 2.06302699s
[2025-07-13 02:12:04] INFO: 开始定时检查(间隔: @every 5m0s)...
[2025-07-13 02:12:04] INFO: 开始检查邮箱...
[2025-07-13 02:12:06] INFO: 发现主题包含'兴效能'的邮件，最新邮件日期: 2025-07-13 01:45:18 +0800 CST
[2025-07-13 02:12:06] INFO: 处理完成，耗时: 2.329718134s
[2025-07-13 02:13:04] INFO: 开始定时检查(间隔: @every 5m0s)...
[2025-07-13 02:13:04] INFO: 开始检查邮箱...
[2025-07-13 02:13:05] INFO: 发现主题包含'兴效能'的邮件，最新邮件日期: 2025-07-13 01:45:18 +0800 CST
[2025-07-13 02:13:05] INFO: 处理完成，耗时: 1.798853513s
[2025-07-13 02:14:04] INFO: 开始定时检查(间隔: @every 5m0s)...
[2025-07-13 02:14:04] INFO: 开始检查邮箱...
[2025-07-13 02:14:06] INFO: 发现主题包含'兴效能'的邮件，最新邮件日期: 2025-07-13 01:45:18 +0800 CST
[2025-07-13 02:14:06] INFO: 处理完成，耗时: 2.154243667s
[2025-07-13 02:15:04] INFO: 开始定时检查(间隔: @every 5m0s)...
[2025-07-13 02:15:04] INFO: 开始检查邮箱...
[2025-07-13 02:15:06] INFO: 发现主题包含'兴效能'的邮件，最新邮件日期: 2025-07-13 01:45:18 +0800 CST
[2025-07-13 02:15:06] INFO: 处理完成，耗时: 2.122333057s
[2025-07-13 02:16:04] INFO: 开始定时检查(间隔: @every 5m0s)...
[2025-07-13 02:16:04] INFO: 开始检查邮箱...
[2025-07-13 02:16:05] INFO: 发现主题包含'兴效能'的邮件，最新邮件日期: 2025-07-13 01:45:18 +0800 CST
[2025-07-13 02:16:05] INFO: 处理完成，耗时: 1.925969548s
[2025-07-13 02:17:04] INFO: 开始定时检查(间隔: @every 5m0s)...
[2025-07-13 02:17:04] INFO: 开始检查邮箱...
[2025-07-13 02:17:06] INFO: 发现主题包含'兴效能'的邮件，最新邮件日期: 2025-07-13 01:45:18 +0800 CST
[2025-07-13 02:17:06] INFO: 处理完成，耗时: 2.236620971s
[2025-07-13 02:18:04] INFO: 开始定时检查(间隔: @every 5m0s)...
[2025-07-13 02:18:04] INFO: 开始检查邮箱...
[2025-07-13 02:18:06] INFO: 发现主题包含'兴效能'的邮件，最新邮件日期: 2025-07-13 01:45:18 +0800 CST
[2025-07-13 02:18:06] INFO: 处理完成，耗时: 1.958815527s
[2025-07-13 02:19:04] INFO: 开始定时检查(间隔: @every 5m0s)...
[2025-07-13 02:19:04] INFO: 开始检查邮箱...
[2025-07-13 02:19:07] INFO: 发现主题包含'兴效能'的邮件，最新邮件日期: 2025-07-13 01:45:18 +0800 CST
[2025-07-13 02:19:07] INFO: 处理完成，耗时: 3.257942308s
[2025-07-13 02:20:04] INFO: 开始定时检查(间隔: @every 5m0s)...
[2025-07-13 02:20:04] INFO: 开始检查邮箱...
[2025-07-13 02:20:06] INFO: 发现主题包含'兴效能'的邮件，最新邮件日期: 2025-07-13 01:45:18 +0800 CST
[2025-07-13 02:20:06] INFO: 处理完成，耗时: 2.321679706s
[2025-07-13 02:21:04] INFO: 开始定时检查(间隔: @every 5m0s)...
[2025-07-13 02:21:04] INFO: 开始检查邮箱...
[2025-07-13 02:21:06] INFO: 发现主题包含'兴效能'的邮件，最新邮件日期: 2025-07-13 01:45:18 +0800 CST
[2025-07-13 02:21:06] INFO: 处理完成，耗时: 2.584191531s
[2025-07-13 02:22:04] INFO: 开始定时检查(间隔: @every 5m0s)...
[2025-07-13 02:22:04] INFO: 开始检查邮箱...
[2025-07-13 02:22:06] INFO: 发现主题包含'兴效能'的邮件，最新邮件日期: 2025-07-13 01:45:18 +0800 CST
[2025-07-13 02:22:06] INFO: 处理完成，耗时: 2.334476884s
[2025-07-13 02:23:04] INFO: 开始定时检查(间隔: @every 5m0s)...
[2025-07-13 02:23:04] INFO: 开始检查邮箱...
[2025-07-13 02:23:06] INFO: 发现主题包含'兴效能'的邮件，最新邮件日期: 2025-07-13 01:45:18 +0800 CST
[2025-07-13 02:23:06] INFO: 处理完成，耗时: 1.998257124s
[2025-07-13 02:24:04] INFO: 开始定时检查(间隔: @every 5m0s)...
[2025-07-13 02:24:04] INFO: 开始检查邮箱...
[2025-07-13 02:24:05] INFO: 发现主题包含'兴效能'的邮件，最新邮件日期: 2025-07-13 01:45:18 +0800 CST
[2025-07-13 02:24:05] INFO: 处理完成，耗时: 1.860374926s
[2025-07-13 02:25:04] INFO: 开始定时检查(间隔: @every 5m0s)...
[2025-07-13 02:25:04] INFO: 开始检查邮箱...
[2025-07-13 02:25:05] INFO: 发现主题包含'兴效能'的邮件，最新邮件日期: 2025-07-13 01:45:18 +0800 CST
[2025-07-13 02:25:05] INFO: 处理完成，耗时: 1.829062902s
[2025-07-13 02:26:04] INFO: 开始定时检查(间隔: @every 5m0s)...
[2025-07-13 02:26:04] INFO: 开始检查邮箱...
[2025-07-13 02:26:09] INFO: 发现主题包含'兴效能'的邮件，最新邮件日期: 2025-07-13 01:45:18 +0800 CST
[2025-07-13 02:26:09] INFO: 处理完成，耗时: 5.736252339s
[2025-07-13 02:27:04] INFO: 开始定时检查(间隔: @every 5m0s)...
[2025-07-13 02:27:04] INFO: 开始检查邮箱...
[2025-07-13 02:27:07] INFO: 发现主题包含'兴效能'的邮件，最新邮件日期: 2025-07-13 01:45:18 +0800 CST
[2025-07-13 02:27:07] INFO: 处理完成，耗时: 3.020864967s
[2025-07-13 02:28:04] INFO: 开始定时检查(间隔: @every 5m0s)...
[2025-07-13 02:28:04] INFO: 开始检查邮箱...
[2025-07-13 02:28:06] INFO: 发现主题包含'兴效能'的邮件，最新邮件日期: 2025-07-13 01:45:18 +0800 CST
[2025-07-13 02:28:06] INFO: 处理完成，耗时: 2.304409796s
[2025-07-13 02:29:04] INFO: 开始定时检查(间隔: @every 5m0s)...
[2025-07-13 02:29:04] INFO: 开始检查邮箱...
[2025-07-13 02:29:06] INFO: 发现主题包含'兴效能'的邮件，最新邮件日期: 2025-07-13 01:45:18 +0800 CST
[2025-07-13 02:29:06] INFO: 处理完成，耗时: 2.678888728s
[2025-07-13 02:30:04] INFO: 开始定时检查(间隔: @every 5m0s)...
[2025-07-13 02:30:04] INFO: 开始检查邮箱...
[2025-07-13 02:30:10] INFO: 发现主题包含'兴效能'的邮件，最新邮件日期: 2025-07-13 01:45:18 +0800 CST
[2025-07-13 02:30:10] INFO: 处理完成，耗时: 5.958784083s
[2025-07-13 02:31:04] INFO: 开始定时检查(间隔: @every 5m0s)...
[2025-07-13 02:31:04] INFO: 开始检查邮箱...
[2025-07-13 02:31:07] INFO: 发现主题包含'兴效能'的邮件，最新邮件日期: 2025-07-13 01:45:18 +0800 CST
[2025-07-13 02:31:07] INFO: 处理完成，耗时: 3.731282496s
[2025-07-13 02:32:04] INFO: 开始定时检查(间隔: @every 5m0s)...
[2025-07-13 02:32:04] INFO: 开始检查邮箱...
[2025-07-13 02:32:06] INFO: 发现主题包含'兴效能'的邮件，最新邮件日期: 2025-07-13 01:45:18 +0800 CST
[2025-07-13 02:32:06] INFO: 处理完成，耗时: 1.967720002s
[2025-07-13 02:33:04] INFO: 开始定时检查(间隔: @every 5m0s)...
[2025-07-13 02:33:04] INFO: 开始检查邮箱...
[2025-07-13 02:33:06] INFO: 发现主题包含'兴效能'的邮件，最新邮件日期: 2025-07-13 01:45:18 +0800 CST
[2025-07-13 02:33:06] INFO: 处理完成，耗时: 2.447341177s
[2025-07-13 02:34:04] INFO: 开始定时检查(间隔: @every 5m0s)...
[2025-07-13 02:34:04] INFO: 开始检查邮箱...
[2025-07-13 02:34:09] INFO: 发现主题包含'兴效能'的邮件，最新邮件日期: 2025-07-13 01:45:18 +0800 CST
[2025-07-13 02:34:09] INFO: 处理完成，耗时: 5.75880121s
[2025-07-13 02:35:04] INFO: 开始定时检查(间隔: @every 5m0s)...
[2025-07-13 02:35:04] INFO: 开始检查邮箱...
[2025-07-13 02:35:06] INFO: 发现主题包含'兴效能'的邮件，最新邮件日期: 2025-07-13 01:45:18 +0800 CST
[2025-07-13 02:35:06] INFO: 处理完成，耗时: 1.95265878s
[2025-07-13 02:36:04] INFO: 开始定时检查(间隔: @every 5m0s)...
[2025-07-13 02:36:04] INFO: 开始检查邮箱...
[2025-07-13 02:44:15] INFO: 邮件监控服务已启动(检查间隔: 5m0s)，按Ctrl+C退出
[2025-07-13 02:45:15] INFO: 开始定时检查(间隔: @every 5m0s)...
[2025-07-13 02:45:15] INFO: 开始检查邮箱...
[2025-07-13 02:46:16] INFO: 开始定时检查(间隔: @every 5m0s)...
[2025-07-13 02:47:17] INFO: 开始定时检查(间隔: @every 5m0s)...
[2025-07-13 02:47:26] INFO: 开始检查邮箱...
[2025-07-13 02:47:37] INFO: 开始检查邮箱...
[2025-07-14 09:02:24] INFO: 邮件监控服务已启动(检查间隔: 5m0s)，按Ctrl+C退出
[2025-07-14 09:02:44] INFO: 邮件监控服务已启动(检查间隔: 5m0s)，按Ctrl+C退出
[2025-07-14 09:04:37] INFO: 邮件监控服务已启动(检查间隔: 5m0s)，按Ctrl+C退出
[2025-07-14 09:05:37] INFO: 开始定时检查(间隔: @every 5m0s)...
[2025-07-14 09:05:37] INFO: 开始检查邮箱...
[2025-07-14 09:06:31] INFO: 处理完成，耗时: 54.802108981s
[2025-07-14 09:06:37] INFO: 开始定时检查(间隔: @every 5m0s)...
[2025-07-14 09:06:37] INFO: 开始检查邮箱...
[2025-07-14 09:07:15] INFO: 处理完成，耗时: 38.834030724s
[2025-07-14 09:07:37] INFO: 开始定时检查(间隔: @every 5m0s)...
[2025-07-14 09:07:37] INFO: 开始检查邮箱...
[2025-07-14 09:08:33] INFO: 处理完成，耗时: 56.359286673s
[2025-07-14 09:08:37] INFO: 开始定时检查(间隔: @every 5m0s)...
[2025-07-14 09:08:37] INFO: 开始检查邮箱...
[2025-07-14 09:09:37] INFO: 开始定时检查(间隔: @every 5m0s)...
[2025-07-14 09:09:37] INFO: 开始检查邮箱...
[2025-07-14 09:10:39] INFO: 开始定时检查(间隔: @every 5m0s)...
[2025-07-14 09:10:40] INFO: 开始检查邮箱...
[2025-07-14 09:10:47] INFO: 处理完成，耗时: 2m10.295392041s
[2025-07-14 09:11:05] INFO: 处理完成，耗时: 1m27.623101273s
[2025-07-14 09:11:17] ERROR: 检查处理邮件失败: 获取邮件失败: 未连接到邮件服务器
[2025-07-14 10:05:43] INFO: 邮件监控服务已启动(检查间隔: 5m0s)，按Ctrl+C退出
[2025-07-14 10:06:41] INFO: 邮件监控服务已启动(检查间隔: 5m0s)，按Ctrl+C退出
[2025-07-14 10:08:11] INFO: 邮件监控服务已启动(检查间隔: 5m0s)，按Ctrl+C退出
[2025-07-14 10:08:51] INFO: 邮件监控服务已启动(检查间隔: 5m0s)，按Ctrl+C退出
[2025-07-14 10:09:35] INFO: 邮件监控服务已启动(检查间隔: 5m0s)，按Ctrl+C退出
[2025-07-14 10:10:37] INFO: 开始定时检查(间隔: @every 5m0s)...
[2025-07-14 10:10:37] INFO: 开始检查邮箱...
[2025-07-14 10:10:52] INFO: 处理完成，耗时: 14.950962509s
[2025-07-14 10:11:34] INFO: 开始定时检查(间隔: @every 5m0s)...
[2025-07-14 10:11:34] INFO: 开始检查邮箱...
[2025-07-14 10:11:40] INFO: 处理完成，耗时: 6.287330475s
[2025-07-14 10:12:34] INFO: 开始定时检查(间隔: @every 5m0s)...
[2025-07-14 10:12:34] INFO: 开始检查邮箱...
[2025-07-14 10:14:40] INFO: 开始定时检查(间隔: @every 5m0s)...
[2025-07-14 10:14:40] INFO: 开始检查邮箱...
[2025-07-14 10:14:40] INFO: 处理完成，耗时: 2m5.981526455s
[2025-07-14 10:14:47] INFO: 处理完成，耗时: 7.116463108s
[2025-07-14 10:15:40] INFO: 开始定时检查(间隔: @every 5m0s)...
[2025-07-14 10:15:40] INFO: 开始检查邮箱...
[2025-07-14 10:16:59] INFO: 处理完成，耗时: 1m19.379848285s
[2025-07-14 10:16:59] INFO: 开始定时检查(间隔: @every 5m0s)...
[2025-07-14 10:16:59] INFO: 开始检查邮箱...
[2025-07-14 10:17:04] INFO: 处理完成，耗时: 5.365582614s
[2025-07-14 10:17:59] INFO: 开始定时检查(间隔: @every 5m0s)...
[2025-07-14 10:17:59] INFO: 开始检查邮箱...
[2025-07-14 10:18:05] INFO: 处理完成，耗时: 6.358791058s
[2025-07-14 10:24:42] INFO: 邮件监控服务已启动(检查间隔: 5m0s)，按Ctrl+C退出
[2025-07-14 10:25:15] INFO: 邮件监控服务已启动(检查间隔: 5m0s)，按Ctrl+C退出
[2025-07-14 10:27:05] INFO: 邮件监控服务已启动(检查间隔: 5m0s)，按Ctrl+C退出
[2025-07-14 10:32:31] INFO: 邮件监控服务已启动(检查间隔: 5m0s)，按Ctrl+C退出
[2025-07-14 10:33:31] INFO: 开始定时检查(间隔: @every 5m0s)...
[2025-07-14 10:33:31] INFO: 开始检查邮箱...
[2025-07-14 10:33:41] INFO: 处理完成，耗时: 10.040437988s
[2025-07-14 10:34:31] INFO: 开始定时检查(间隔: @every 5m0s)...
[2025-07-14 10:34:31] INFO: 开始检查邮箱...
[2025-07-14 10:35:06] INFO: 处理完成，耗时: 35.67042243s
[2025-07-14 10:35:31] INFO: 开始定时检查(间隔: @every 5m0s)...
[2025-07-14 10:35:31] INFO: 开始检查邮箱...
[2025-07-14 10:35:50] INFO: 处理完成，耗时: 19.156901261s
[2025-07-14 10:36:31] INFO: 开始定时检查(间隔: @every 5m0s)...
[2025-07-14 10:36:31] INFO: 开始检查邮箱...
[2025-07-14 10:36:43] INFO: 处理完成，耗时: 12.891886771s
[2025-07-14 10:37:31] INFO: 开始定时检查(间隔: @every 5m0s)...
[2025-07-14 10:37:31] INFO: 开始检查邮箱...
[2025-07-14 10:37:39] INFO: 处理完成，耗时: 8.030947131s
[2025-07-14 10:38:31] INFO: 开始定时检查(间隔: @every 5m0s)...
[2025-07-14 10:38:31] INFO: 开始检查邮箱...
[2025-07-14 10:38:47] INFO: 处理完成，耗时: 16.626741767s
[2025-07-14 10:39:31] INFO: 开始定时检查(间隔: @every 5m0s)...
[2025-07-14 10:39:31] INFO: 开始检查邮箱...
[2025-07-14 10:39:39] INFO: 处理完成，耗时: 8.852435449s
[2025-07-14 10:40:31] INFO: 开始定时检查(间隔: @every 5m0s)...
[2025-07-14 10:40:31] INFO: 开始检查邮箱...
[2025-07-14 10:40:39] INFO: 处理完成，耗时: 8.509432603s
[2025-07-14 10:41:31] INFO: 开始定时检查(间隔: @every 5m0s)...
[2025-07-14 10:41:31] INFO: 开始检查邮箱...
[2025-07-14 10:41:38] INFO: 处理完成，耗时: 7.957136659s
[2025-07-14 10:42:31] INFO: 开始定时检查(间隔: @every 5m0s)...
[2025-07-14 10:42:31] INFO: 开始检查邮箱...
[2025-07-14 10:42:40] INFO: 处理完成，耗时: 9.487053663s
[2025-07-14 10:43:31] INFO: 开始定时检查(间隔: @every 5m0s)...
[2025-07-14 10:43:31] INFO: 开始检查邮箱...
[2025-07-14 10:43:51] INFO: 处理完成，耗时: 20.079119048s
[2025-07-14 10:44:31] INFO: 开始定时检查(间隔: @every 5m0s)...
[2025-07-14 10:44:31] INFO: 开始检查邮箱...
[2025-07-14 10:44:42] INFO: 处理完成，耗时: 11.397683997s
[2025-07-14 10:45:31] INFO: 开始定时检查(间隔: @every 5m0s)...
[2025-07-14 10:45:31] INFO: 开始检查邮箱...
[2025-07-14 10:46:27] INFO: 处理完成，耗时: 56.615482982s
[2025-07-14 10:46:31] INFO: 开始定时检查(间隔: @every 5m0s)...
[2025-07-14 10:46:31] INFO: 开始检查邮箱...
[2025-07-14 10:46:57] INFO: 处理完成，耗时: 26.215137383s
[2025-07-14 10:47:31] INFO: 开始定时检查(间隔: @every 5m0s)...
[2025-07-14 10:47:31] INFO: 开始检查邮箱...
[2025-07-14 10:47:39] INFO: 处理完成，耗时: 8.198903661s
[2025-07-14 10:48:31] INFO: 开始定时检查(间隔: @every 5m0s)...
[2025-07-14 10:48:31] INFO: 开始检查邮箱...
[2025-07-14 10:48:43] INFO: 处理完成，耗时: 12.173620813s
[2025-07-14 10:49:31] INFO: 开始定时检查(间隔: @every 5m0s)...
[2025-07-14 10:49:31] INFO: 开始检查邮箱...
[2025-07-14 10:49:41] INFO: 处理完成，耗时: 10.025881233s
[2025-07-14 10:50:31] INFO: 开始定时检查(间隔: @every 5m0s)...
[2025-07-14 10:50:31] INFO: 开始检查邮箱...
[2025-07-14 10:50:39] INFO: 处理完成，耗时: 8.422877831s
[2025-07-14 10:51:31] INFO: 开始定时检查(间隔: @every 5m0s)...
[2025-07-14 10:51:31] INFO: 开始检查邮箱...
[2025-07-14 10:51:45] INFO: 处理完成，耗时: 14.256872334s
[2025-07-14 10:52:31] INFO: 开始定时检查(间隔: @every 5m0s)...
[2025-07-14 10:52:31] INFO: 开始检查邮箱...
[2025-07-14 10:52:40] INFO: 处理完成，耗时: 9.337640787s
[2025-07-14 10:53:31] INFO: 开始定时检查(间隔: @every 5m0s)...
[2025-07-14 10:53:31] INFO: 开始检查邮箱...
[2025-07-14 10:53:39] INFO: 处理完成，耗时: 8.126290329s
[2025-07-14 10:54:31] INFO: 开始定时检查(间隔: @every 5m0s)...
[2025-07-14 10:54:31] INFO: 开始检查邮箱...
[2025-07-14 10:54:39] INFO: 处理完成，耗时: 8.215212041s
[2025-07-14 10:55:31] INFO: 开始定时检查(间隔: @every 5m0s)...
[2025-07-14 10:55:31] INFO: 开始检查邮箱...
[2025-07-14 10:55:39] INFO: 处理完成，耗时: 7.981866198s
[2025-07-14 10:56:31] INFO: 开始定时检查(间隔: @every 5m0s)...
[2025-07-14 10:56:31] INFO: 开始检查邮箱...
[2025-07-14 10:56:39] INFO: 处理完成，耗时: 8.659963293s
[2025-07-14 10:57:31] INFO: 开始定时检查(间隔: @every 5m0s)...
[2025-07-14 10:57:31] INFO: 开始检查邮箱...
[2025-07-14 10:57:39] INFO: 处理完成，耗时: 8.186416633s
[2025-07-14 10:58:31] INFO: 开始定时检查(间隔: @every 5m0s)...
[2025-07-14 10:58:31] INFO: 开始检查邮箱...
[2025-07-14 10:58:38] INFO: 处理完成，耗时: 7.725457092s
[2025-07-14 10:59:31] INFO: 开始定时检查(间隔: @every 5m0s)...
[2025-07-14 10:59:31] INFO: 开始检查邮箱...
[2025-07-14 10:59:38] INFO: 处理完成，耗时: 7.87211164s
[2025-07-14 11:00:31] INFO: 开始定时检查(间隔: @every 5m0s)...
[2025-07-14 11:00:31] INFO: 开始检查邮箱...
[2025-07-14 11:00:40] INFO: 处理完成，耗时: 9.497224114s
[2025-07-14 11:01:31] INFO: 开始定时检查(间隔: @every 5m0s)...
[2025-07-14 11:01:31] INFO: 开始检查邮箱...
[2025-07-14 11:01:38] INFO: 处理完成，耗时: 7.927454338s
[2025-07-14 11:02:31] INFO: 开始定时检查(间隔: @every 5m0s)...
[2025-07-14 11:02:31] INFO: 开始检查邮箱...
[2025-07-14 11:02:39] INFO: 处理完成，耗时: 8.164874148s
[2025-07-14 11:03:31] INFO: 开始定时检查(间隔: @every 5m0s)...
[2025-07-14 11:03:31] INFO: 开始检查邮箱...
[2025-07-14 11:03:38] INFO: 处理完成，耗时: 7.700011052s
[2025-07-14 11:04:31] INFO: 开始定时检查(间隔: @every 5m0s)...
[2025-07-14 11:04:31] INFO: 开始检查邮箱...
[2025-07-14 11:04:38] INFO: 处理完成，耗时: 7.84153213s
[2025-07-14 11:05:31] INFO: 开始定时检查(间隔: @every 5m0s)...
[2025-07-14 11:05:31] INFO: 开始检查邮箱...
[2025-07-14 11:05:39] INFO: 处理完成，耗时: 8.325672651s
[2025-07-14 11:06:31] INFO: 开始定时检查(间隔: @every 5m0s)...
[2025-07-14 11:06:31] INFO: 开始检查邮箱...
[2025-07-14 11:06:39] INFO: 处理完成，耗时: 8.472603899s
[2025-07-14 11:07:31] INFO: 开始定时检查(间隔: @every 5m0s)...
[2025-07-14 11:07:31] INFO: 开始检查邮箱...
[2025-07-14 11:07:40] INFO: 处理完成，耗时: 8.929924108s
[2025-07-14 11:08:31] INFO: 开始定时检查(间隔: @every 5m0s)...
[2025-07-14 11:08:31] INFO: 开始检查邮箱...
[2025-07-14 11:08:40] INFO: 处理完成，耗时: 8.999285286s
[2025-07-14 11:09:31] INFO: 开始定时检查(间隔: @every 5m0s)...
[2025-07-14 11:09:31] INFO: 开始检查邮箱...
[2025-07-14 11:09:38] INFO: 处理完成，耗时: 7.921280416s
[2025-07-14 11:10:31] INFO: 开始定时检查(间隔: @every 5m0s)...
[2025-07-14 11:10:31] INFO: 开始检查邮箱...
[2025-07-14 11:10:39] INFO: 处理完成，耗时: 8.132557162s
[2025-07-14 11:11:31] INFO: 开始定时检查(间隔: @every 5m0s)...
[2025-07-14 11:11:31] INFO: 开始检查邮箱...
[2025-07-14 11:11:39] INFO: 处理完成，耗时: 8.715945828s
[2025-07-14 11:12:31] INFO: 开始定时检查(间隔: @every 5m0s)...
[2025-07-14 11:12:31] INFO: 开始检查邮箱...
[2025-07-14 11:12:39] INFO: 处理完成，耗时: 8.092570872s
[2025-07-14 11:13:31] INFO: 开始定时检查(间隔: @every 5m0s)...
[2025-07-14 11:13:31] INFO: 开始检查邮箱...
[2025-07-14 11:13:39] INFO: 处理完成，耗时: 8.304124126s
[2025-07-14 11:14:31] INFO: 开始定时检查(间隔: @every 5m0s)...
[2025-07-14 11:14:31] INFO: 开始检查邮箱...
[2025-07-14 11:14:39] INFO: 处理完成，耗时: 8.151380375s
[2025-07-14 11:15:31] INFO: 开始定时检查(间隔: @every 5m0s)...
[2025-07-14 11:15:31] INFO: 开始检查邮箱...
[2025-07-14 11:15:38] INFO: 处理完成，耗时: 7.86636497s
[2025-07-14 11:16:31] INFO: 开始定时检查(间隔: @every 5m0s)...
[2025-07-14 11:16:31] INFO: 开始检查邮箱...
[2025-07-14 11:16:38] INFO: 处理完成，耗时: 7.884499352s
[2025-07-14 11:17:31] INFO: 开始定时检查(间隔: @every 5m0s)...
[2025-07-14 11:17:31] INFO: 开始检查邮箱...
[2025-07-14 11:17:39] INFO: 处理完成，耗时: 8.650650509s
[2025-07-14 11:18:31] INFO: 开始定时检查(间隔: @every 5m0s)...
[2025-07-14 11:18:31] INFO: 开始检查邮箱...
[2025-07-14 11:18:39] INFO: 处理完成，耗时: 7.961883498s
[2025-07-14 11:19:31] INFO: 开始定时检查(间隔: @every 5m0s)...
[2025-07-14 11:19:31] INFO: 开始检查邮箱...
[2025-07-14 11:19:39] INFO: 处理完成，耗时: 8.321455651s
[2025-07-14 11:20:31] INFO: 开始定时检查(间隔: @every 5m0s)...
[2025-07-14 11:20:31] INFO: 开始检查邮箱...
[2025-07-14 11:20:46] INFO: 处理完成，耗时: 15.453077758s
[2025-07-14 11:21:31] INFO: 开始定时检查(间隔: @every 5m0s)...
[2025-07-14 11:21:31] INFO: 开始检查邮箱...
[2025-07-14 11:21:39] INFO: 处理完成，耗时: 8.938157847s
[2025-07-14 11:22:31] INFO: 开始定时检查(间隔: @every 5m0s)...
[2025-07-14 11:22:31] INFO: 开始检查邮箱...
[2025-07-14 11:22:40] INFO: 处理完成，耗时: 9.173532841s
[2025-07-14 11:23:31] INFO: 开始定时检查(间隔: @every 5m0s)...
[2025-07-14 11:23:31] INFO: 开始检查邮箱...
[2025-07-14 11:23:39] INFO: 处理完成，耗时: 8.228498942s
[2025-07-14 11:24:31] INFO: 开始定时检查(间隔: @every 5m0s)...
[2025-07-14 11:24:31] INFO: 开始检查邮箱...
[2025-07-14 11:24:39] INFO: 处理完成，耗时: 8.214343279s
[2025-07-14 11:25:31] INFO: 开始定时检查(间隔: @every 5m0s)...
[2025-07-14 11:25:31] INFO: 开始检查邮箱...
[2025-07-14 11:25:39] INFO: 处理完成，耗时: 8.251117008s
[2025-07-14 11:26:31] INFO: 开始定时检查(间隔: @every 5m0s)...
[2025-07-14 11:26:31] INFO: 开始检查邮箱...
[2025-07-14 11:26:39] INFO: 处理完成，耗时: 8.034500789s
[2025-07-14 11:27:31] INFO: 开始定时检查(间隔: @every 5m0s)...
[2025-07-14 11:27:31] INFO: 开始检查邮箱...
[2025-07-14 11:27:39] INFO: 处理完成，耗时: 7.907935252s
[2025-07-14 11:28:31] INFO: 开始定时检查(间隔: @every 5m0s)...
[2025-07-14 11:28:31] INFO: 开始检查邮箱...
[2025-07-14 11:28:39] INFO: 处理完成，耗时: 8.288608474s
[2025-07-14 11:29:31] INFO: 开始定时检查(间隔: @every 5m0s)...
[2025-07-14 11:29:31] INFO: 开始检查邮箱...
[2025-07-14 11:29:39] INFO: 处理完成，耗时: 8.137554035s
[2025-07-14 11:30:31] INFO: 开始定时检查(间隔: @every 5m0s)...
[2025-07-14 11:30:31] INFO: 开始检查邮箱...
[2025-07-14 11:30:39] INFO: 处理完成，耗时: 8.022258668s
[2025-07-14 11:31:31] INFO: 开始定时检查(间隔: @every 5m0s)...
[2025-07-14 11:31:31] INFO: 开始检查邮箱...
[2025-07-14 11:31:39] INFO: 处理完成，耗时: 8.077138484s
[2025-07-14 11:32:31] INFO: 开始定时检查(间隔: @every 5m0s)...
[2025-07-14 11:32:31] INFO: 开始检查邮箱...
[2025-07-14 11:32:39] INFO: 处理完成，耗时: 7.983581787s
[2025-07-14 11:33:31] INFO: 开始定时检查(间隔: @every 5m0s)...
[2025-07-14 11:33:31] INFO: 开始检查邮箱...
[2025-07-14 11:33:38] INFO: 处理完成，耗时: 7.901662642s
[2025-07-14 11:34:31] INFO: 开始定时检查(间隔: @every 5m0s)...
[2025-07-14 11:34:31] INFO: 开始检查邮箱...
[2025-07-14 11:34:39] INFO: 处理完成，耗时: 8.328163499s
[2025-07-14 11:35:31] INFO: 开始定时检查(间隔: @every 5m0s)...
[2025-07-14 11:35:31] INFO: 开始检查邮箱...
[2025-07-14 11:35:38] INFO: 处理完成，耗时: 7.892683655s
[2025-07-14 11:36:31] INFO: 开始定时检查(间隔: @every 5m0s)...
[2025-07-14 11:36:31] INFO: 开始检查邮箱...
[2025-07-14 11:36:39] INFO: 处理完成，耗时: 8.152052246s
[2025-07-14 11:37:31] INFO: 开始定时检查(间隔: @every 5m0s)...
[2025-07-14 11:37:31] INFO: 开始检查邮箱...
[2025-07-14 11:37:39] INFO: 处理完成，耗时: 8.128304945s
[2025-07-14 11:38:31] INFO: 开始定时检查(间隔: @every 5m0s)...
[2025-07-14 11:38:31] INFO: 开始检查邮箱...
[2025-07-14 11:38:38] INFO: 处理完成，耗时: 7.800048247s
[2025-07-14 11:39:31] INFO: 开始定时检查(间隔: @every 5m0s)...
[2025-07-14 11:39:31] INFO: 开始检查邮箱...
[2025-07-14 11:39:39] INFO: 处理完成，耗时: 7.986363817s
[2025-07-14 11:40:31] INFO: 开始定时检查(间隔: @every 5m0s)...
[2025-07-14 11:40:31] INFO: 开始检查邮箱...
[2025-07-14 11:40:38] INFO: 处理完成，耗时: 7.866219714s
[2025-07-14 11:41:31] INFO: 开始定时检查(间隔: @every 5m0s)...
[2025-07-14 11:41:31] INFO: 开始检查邮箱...
[2025-07-14 11:41:41] ERROR: 检查处理邮件失败: 连接失败: 连接服务器失败: dial tcp: lookup imap.qq.com on 127.0.0.53:53: server misbehaving
[2025-07-14 11:42:31] INFO: 开始定时检查(间隔: @every 5m0s)...
[2025-07-14 11:42:31] INFO: 开始检查邮箱...
[2025-07-14 11:42:40] ERROR: 检查处理邮件失败: 连接失败: 连接服务器失败: dial tcp: lookup imap.qq.com on 127.0.0.53:53: server misbehaving
[2025-07-14 11:43:31] INFO: 开始定时检查(间隔: @every 5m0s)...
[2025-07-14 11:43:31] INFO: 开始检查邮箱...
[2025-07-14 11:43:41] ERROR: 检查处理邮件失败: 连接失败: 连接服务器失败: dial tcp: lookup imap.qq.com on 127.0.0.53:53: server misbehaving
[2025-07-14 11:44:31] INFO: 开始定时检查(间隔: @every 5m0s)...
[2025-07-14 11:44:31] INFO: 开始检查邮箱...
[2025-07-14 11:44:43] ERROR: 检查处理邮件失败: 连接失败: 连接服务器失败: dial tcp: lookup imap.qq.com on 127.0.0.53:53: server misbehaving
[2025-07-14 11:45:31] INFO: 开始定时检查(间隔: @every 5m0s)...
[2025-07-14 11:45:31] INFO: 开始检查邮箱...
[2025-07-14 11:45:41] ERROR: 检查处理邮件失败: 连接失败: 连接服务器失败: dial tcp: lookup imap.qq.com on 127.0.0.53:53: server misbehaving
[2025-07-14 11:46:31] INFO: 开始定时检查(间隔: @every 5m0s)...
[2025-07-14 11:46:31] INFO: 开始检查邮箱...
[2025-07-14 11:46:31] ERROR: 检查处理邮件失败: 连接失败: 连接服务器失败: dial tcp: lookup imap.qq.com on 127.0.0.53:53: server misbehaving
[2025-07-14 11:47:31] INFO: 开始定时检查(间隔: @every 5m0s)...
[2025-07-14 11:47:31] INFO: 开始检查邮箱...
[2025-07-14 11:47:31] ERROR: 检查处理邮件失败: 连接失败: 连接服务器失败: dial tcp: lookup imap.qq.com on 127.0.0.53:53: server misbehaving
[2025-07-14 11:48:31] INFO: 开始定时检查(间隔: @every 5m0s)...
[2025-07-14 11:48:31] INFO: 开始检查邮箱...
[2025-07-14 11:48:31] ERROR: 检查处理邮件失败: 连接失败: 连接服务器失败: dial tcp: lookup imap.qq.com on 127.0.0.53:53: server misbehaving
[2025-07-14 11:49:31] INFO: 开始定时检查(间隔: @every 5m0s)...
[2025-07-14 11:49:31] INFO: 开始检查邮箱...
[2025-07-14 11:49:31] ERROR: 检查处理邮件失败: 连接失败: 连接服务器失败: dial tcp: lookup imap.qq.com on 127.0.0.53:53: server misbehaving
[2025-07-14 11:50:31] INFO: 开始定时检查(间隔: @every 5m0s)...
[2025-07-14 11:50:31] INFO: 开始检查邮箱...
[2025-07-14 11:50:31] ERROR: 检查处理邮件失败: 连接失败: 连接服务器失败: dial tcp: lookup imap.qq.com on 127.0.0.53:53: server misbehaving
[2025-07-14 11:51:31] INFO: 开始定时检查(间隔: @every 5m0s)...
[2025-07-14 11:51:31] INFO: 开始检查邮箱...
[2025-07-14 11:51:31] ERROR: 检查处理邮件失败: 连接失败: 连接服务器失败: dial tcp: lookup imap.qq.com on 127.0.0.53:53: server misbehaving
[2025-07-14 11:52:31] INFO: 开始定时检查(间隔: @every 5m0s)...
[2025-07-14 11:52:31] INFO: 开始检查邮箱...
[2025-07-14 11:52:31] ERROR: 检查处理邮件失败: 连接失败: 连接服务器失败: dial tcp: lookup imap.qq.com on 127.0.0.53:53: server misbehaving
[2025-07-14 11:53:31] INFO: 开始定时检查(间隔: @every 5m0s)...
[2025-07-14 11:53:31] INFO: 开始检查邮箱...
[2025-07-14 11:53:31] ERROR: 检查处理邮件失败: 连接失败: 连接服务器失败: dial tcp: lookup imap.qq.com on 127.0.0.53:53: server misbehaving
[2025-07-14 11:54:31] INFO: 开始定时检查(间隔: @every 5m0s)...
[2025-07-14 11:54:31] INFO: 开始检查邮箱...
[2025-07-14 11:54:31] ERROR: 检查处理邮件失败: 连接失败: 连接服务器失败: dial tcp: lookup imap.qq.com on 127.0.0.53:53: server misbehaving
[2025-07-14 11:55:31] INFO: 开始定时检查(间隔: @every 5m0s)...
[2025-07-14 11:55:31] INFO: 开始检查邮箱...
[2025-07-14 11:55:31] ERROR: 检查处理邮件失败: 连接失败: 连接服务器失败: dial tcp: lookup imap.qq.com on 127.0.0.53:53: server misbehaving
[2025-07-14 11:56:31] INFO: 开始定时检查(间隔: @every 5m0s)...
[2025-07-14 11:56:31] INFO: 开始检查邮箱...
[2025-07-14 11:56:31] ERROR: 检查处理邮件失败: 连接失败: 连接服务器失败: dial tcp: lookup imap.qq.com on 127.0.0.53:53: server misbehaving
[2025-07-14 11:57:31] INFO: 开始定时检查(间隔: @every 5m0s)...
[2025-07-14 11:57:31] INFO: 开始检查邮箱...
[2025-07-14 11:57:31] ERROR: 检查处理邮件失败: 连接失败: 连接服务器失败: dial tcp: lookup imap.qq.com on 127.0.0.53:53: server misbehaving
[2025-07-14 11:58:31] INFO: 开始定时检查(间隔: @every 5m0s)...
[2025-07-14 11:58:31] INFO: 开始检查邮箱...
[2025-07-14 11:58:31] ERROR: 检查处理邮件失败: 连接失败: 连接服务器失败: dial tcp: lookup imap.qq.com on 127.0.0.53:53: server misbehaving
[2025-07-14 11:59:31] INFO: 开始定时检查(间隔: @every 5m0s)...
[2025-07-14 11:59:31] INFO: 开始检查邮箱...
[2025-07-14 11:59:31] ERROR: 检查处理邮件失败: 连接失败: 连接服务器失败: dial tcp: lookup imap.qq.com on 127.0.0.53:53: server misbehaving
[2025-07-14 12:00:31] INFO: 开始定时检查(间隔: @every 5m0s)...
[2025-07-14 12:00:31] INFO: 开始检查邮箱...
[2025-07-14 12:00:31] ERROR: 检查处理邮件失败: 连接失败: 连接服务器失败: dial tcp: lookup imap.qq.com on 127.0.0.53:53: server misbehaving
[2025-07-14 12:01:31] INFO: 开始定时检查(间隔: @every 5m0s)...
[2025-07-14 12:01:31] INFO: 开始检查邮箱...
[2025-07-14 12:01:31] ERROR: 检查处理邮件失败: 连接失败: 连接服务器失败: dial tcp: lookup imap.qq.com on 127.0.0.53:53: server misbehaving
[2025-07-14 12:02:31] INFO: 开始定时检查(间隔: @every 5m0s)...
[2025-07-14 12:02:31] INFO: 开始检查邮箱...
[2025-07-14 12:02:31] ERROR: 检查处理邮件失败: 连接失败: 连接服务器失败: dial tcp: lookup imap.qq.com on 127.0.0.53:53: server misbehaving
[2025-07-14 12:03:31] INFO: 开始定时检查(间隔: @every 5m0s)...
[2025-07-14 12:03:31] INFO: 开始检查邮箱...
[2025-07-14 12:03:31] ERROR: 检查处理邮件失败: 连接失败: 连接服务器失败: dial tcp: lookup imap.qq.com on 127.0.0.53:53: server misbehaving
[2025-07-14 12:04:31] INFO: 开始定时检查(间隔: @every 5m0s)...
[2025-07-14 12:04:31] INFO: 开始检查邮箱...
[2025-07-14 12:04:31] ERROR: 检查处理邮件失败: 连接失败: 连接服务器失败: dial tcp: lookup imap.qq.com on 127.0.0.53:53: server misbehaving
[2025-07-14 12:05:31] INFO: 开始定时检查(间隔: @every 5m0s)...
[2025-07-14 12:05:31] INFO: 开始检查邮箱...
[2025-07-14 12:05:31] ERROR: 检查处理邮件失败: 连接失败: 连接服务器失败: dial tcp: lookup imap.qq.com on 127.0.0.53:53: server misbehaving
[2025-07-14 12:06:31] INFO: 开始定时检查(间隔: @every 5m0s)...
[2025-07-14 12:06:31] INFO: 开始检查邮箱...
[2025-07-14 12:06:31] ERROR: 检查处理邮件失败: 连接失败: 连接服务器失败: dial tcp: lookup imap.qq.com on 127.0.0.53:53: server misbehaving
[2025-07-14 12:07:31] INFO: 开始定时检查(间隔: @every 5m0s)...
[2025-07-14 12:07:31] INFO: 开始检查邮箱...
[2025-07-14 12:07:31] ERROR: 检查处理邮件失败: 连接失败: 连接服务器失败: dial tcp: lookup imap.qq.com on 127.0.0.53:53: server misbehaving
[2025-07-14 12:08:31] INFO: 开始定时检查(间隔: @every 5m0s)...
[2025-07-14 12:08:31] INFO: 开始检查邮箱...
[2025-07-14 12:08:31] ERROR: 检查处理邮件失败: 连接失败: 连接服务器失败: dial tcp: lookup imap.qq.com on 127.0.0.53:53: server misbehaving
[2025-07-14 12:09:31] INFO: 开始定时检查(间隔: @every 5m0s)...
[2025-07-14 12:09:31] INFO: 开始检查邮箱...
[2025-07-14 12:09:31] ERROR: 检查处理邮件失败: 连接失败: 连接服务器失败: dial tcp: lookup imap.qq.com on 127.0.0.53:53: server misbehaving
[2025-07-14 12:10:31] INFO: 开始定时检查(间隔: @every 5m0s)...
[2025-07-14 12:10:31] INFO: 开始检查邮箱...
[2025-07-14 12:10:31] ERROR: 检查处理邮件失败: 连接失败: 连接服务器失败: dial tcp: lookup imap.qq.com on 127.0.0.53:53: server misbehaving
[2025-07-14 12:11:31] INFO: 开始定时检查(间隔: @every 5m0s)...
[2025-07-14 12:11:31] INFO: 开始检查邮箱...
[2025-07-14 12:11:31] ERROR: 检查处理邮件失败: 连接失败: 连接服务器失败: dial tcp: lookup imap.qq.com on 127.0.0.53:53: server misbehaving
[2025-07-14 12:12:31] INFO: 开始定时检查(间隔: @every 5m0s)...
[2025-07-14 12:12:31] INFO: 开始检查邮箱...
[2025-07-14 12:12:31] ERROR: 检查处理邮件失败: 连接失败: 连接服务器失败: dial tcp: lookup imap.qq.com on 127.0.0.53:53: server misbehaving
[2025-07-14 12:13:31] INFO: 开始定时检查(间隔: @every 5m0s)...
[2025-07-14 12:13:31] INFO: 开始检查邮箱...
[2025-07-14 12:13:31] ERROR: 检查处理邮件失败: 连接失败: 连接服务器失败: dial tcp: lookup imap.qq.com on 127.0.0.53:53: server misbehaving
[2025-07-14 12:14:31] INFO: 开始定时检查(间隔: @every 5m0s)...
[2025-07-14 12:14:31] INFO: 开始检查邮箱...
[2025-07-14 12:14:31] ERROR: 检查处理邮件失败: 连接失败: 连接服务器失败: dial tcp: lookup imap.qq.com on 127.0.0.53:53: server misbehaving
[2025-07-14 12:15:31] INFO: 开始定时检查(间隔: @every 5m0s)...
[2025-07-14 12:15:31] INFO: 开始检查邮箱...
[2025-07-14 12:15:31] ERROR: 检查处理邮件失败: 连接失败: 连接服务器失败: dial tcp: lookup imap.qq.com on 127.0.0.53:53: server misbehaving
[2025-07-14 12:16:31] INFO: 开始定时检查(间隔: @every 5m0s)...
[2025-07-14 12:16:31] INFO: 开始检查邮箱...
[2025-07-14 12:16:31] ERROR: 检查处理邮件失败: 连接失败: 连接服务器失败: dial tcp: lookup imap.qq.com on 127.0.0.53:53: server misbehaving
[2025-07-14 12:17:31] INFO: 开始定时检查(间隔: @every 5m0s)...
[2025-07-14 12:17:31] INFO: 开始检查邮箱...
[2025-07-14 12:17:31] ERROR: 检查处理邮件失败: 连接失败: 连接服务器失败: dial tcp: lookup imap.qq.com on 127.0.0.53:53: server misbehaving
[2025-07-14 12:18:31] INFO: 开始定时检查(间隔: @every 5m0s)...
[2025-07-14 12:18:31] INFO: 开始检查邮箱...
[2025-07-14 12:18:31] ERROR: 检查处理邮件失败: 连接失败: 连接服务器失败: dial tcp: lookup imap.qq.com on 127.0.0.53:53: server misbehaving
[2025-07-14 12:19:31] INFO: 开始定时检查(间隔: @every 5m0s)...
[2025-07-14 12:19:31] INFO: 开始检查邮箱...
[2025-07-14 12:19:31] ERROR: 检查处理邮件失败: 连接失败: 连接服务器失败: dial tcp: lookup imap.qq.com on 127.0.0.53:53: server misbehaving
[2025-07-14 12:20:31] INFO: 开始定时检查(间隔: @every 5m0s)...
[2025-07-14 12:20:31] INFO: 开始检查邮箱...
[2025-07-14 12:20:31] ERROR: 检查处理邮件失败: 连接失败: 连接服务器失败: dial tcp: lookup imap.qq.com on 127.0.0.53:53: server misbehaving
[2025-07-14 12:21:31] INFO: 开始定时检查(间隔: @every 5m0s)...
[2025-07-14 12:21:31] INFO: 开始检查邮箱...
[2025-07-14 12:21:31] ERROR: 检查处理邮件失败: 连接失败: 连接服务器失败: dial tcp: lookup imap.qq.com on 127.0.0.53:53: server misbehaving
[2025-07-14 12:22:31] INFO: 开始定时检查(间隔: @every 5m0s)...
[2025-07-14 12:22:31] INFO: 开始检查邮箱...
[2025-07-14 12:22:31] ERROR: 检查处理邮件失败: 连接失败: 连接服务器失败: dial tcp: lookup imap.qq.com on 127.0.0.53:53: server misbehaving
[2025-07-14 12:23:31] INFO: 开始定时检查(间隔: @every 5m0s)...
[2025-07-14 12:23:31] INFO: 开始检查邮箱...
[2025-07-14 12:23:31] ERROR: 检查处理邮件失败: 连接失败: 连接服务器失败: dial tcp: lookup imap.qq.com on 127.0.0.53:53: server misbehaving
[2025-07-14 12:24:31] INFO: 开始定时检查(间隔: @every 5m0s)...
[2025-07-14 12:24:31] INFO: 开始检查邮箱...
[2025-07-14 12:24:31] ERROR: 检查处理邮件失败: 连接失败: 连接服务器失败: dial tcp: lookup imap.qq.com on 127.0.0.53:53: server misbehaving
[2025-07-14 12:25:31] INFO: 开始定时检查(间隔: @every 5m0s)...
[2025-07-14 12:25:31] INFO: 开始检查邮箱...
[2025-07-14 12:25:43] INFO: 处理完成，耗时: 12.77147942s
[2025-07-14 12:26:31] INFO: 开始定时检查(间隔: @every 5m0s)...
[2025-07-14 12:26:31] INFO: 开始检查邮箱...
[2025-07-14 12:26:52] INFO: 处理完成，耗时: 21.493136026s
[2025-07-14 12:27:31] INFO: 开始定时检查(间隔: @every 5m0s)...
[2025-07-14 12:27:31] INFO: 开始检查邮箱...
[2025-07-14 12:27:47] INFO: 处理完成，耗时: 16.469931034s
[2025-07-14 12:28:31] INFO: 开始定时检查(间隔: @every 5m0s)...
[2025-07-14 12:28:31] INFO: 开始检查邮箱...
[2025-07-14 12:28:45] INFO: 处理完成，耗时: 14.125906721s
[2025-07-14 12:29:31] INFO: 开始定时检查(间隔: @every 5m0s)...
[2025-07-14 12:29:31] INFO: 开始检查邮箱...
[2025-07-14 12:29:43] INFO: 处理完成，耗时: 12.136386646s
[2025-07-14 12:30:31] INFO: 开始定时检查(间隔: @every 5m0s)...
[2025-07-14 12:30:31] INFO: 开始检查邮箱...
[2025-07-14 12:30:49] INFO: 处理完成，耗时: 18.764249155s
[2025-07-14 12:31:31] INFO: 开始定时检查(间隔: @every 5m0s)...
[2025-07-14 12:31:31] INFO: 开始检查邮箱...
[2025-07-14 12:31:49] INFO: 处理完成，耗时: 18.175955361s
[2025-07-14 12:32:31] INFO: 开始定时检查(间隔: @every 5m0s)...
[2025-07-14 12:32:31] INFO: 开始检查邮箱...
[2025-07-14 12:32:45] INFO: 处理完成，耗时: 14.255470433s
[2025-07-14 12:33:31] INFO: 开始定时检查(间隔: @every 5m0s)...
[2025-07-14 12:33:31] INFO: 开始检查邮箱...
[2025-07-14 12:33:59] INFO: 处理完成，耗时: 28.223033006s
[2025-07-14 12:34:31] INFO: 开始定时检查(间隔: @every 5m0s)...
[2025-07-14 12:34:31] INFO: 开始检查邮箱...
[2025-07-14 12:34:51] INFO: 处理完成，耗时: 20.524504604s
[2025-07-14 12:35:31] INFO: 开始定时检查(间隔: @every 5m0s)...
[2025-07-14 12:35:31] INFO: 开始检查邮箱...
[2025-07-14 12:35:47] INFO: 处理完成，耗时: 16.329526168s
[2025-07-14 12:36:31] INFO: 开始定时检查(间隔: @every 5m0s)...
[2025-07-14 12:36:31] INFO: 开始检查邮箱...
[2025-07-14 12:36:43] INFO: 处理完成，耗时: 12.048318571s
[2025-07-14 12:37:31] INFO: 开始定时检查(间隔: @every 5m0s)...
[2025-07-14 12:37:31] INFO: 开始检查邮箱...
[2025-07-14 12:37:47] INFO: 处理完成，耗时: 16.89422956s
[2025-07-14 12:38:31] INFO: 开始定时检查(间隔: @every 5m0s)...
[2025-07-14 12:38:31] INFO: 开始检查邮箱...
[2025-07-14 12:39:14] INFO: 处理完成，耗时: 43.815863047s
[2025-07-14 12:39:31] INFO: 开始定时检查(间隔: @every 5m0s)...
[2025-07-14 12:39:31] INFO: 开始检查邮箱...
[2025-07-14 12:39:43] INFO: 处理完成，耗时: 12.570572703s
[2025-07-14 12:40:31] INFO: 开始定时检查(间隔: @every 5m0s)...
[2025-07-14 12:40:31] INFO: 开始检查邮箱...
[2025-07-14 12:41:31] INFO: 开始定时检查(间隔: @every 5m0s)...
[2025-07-14 12:41:31] INFO: 开始检查邮箱...
[2025-07-14 12:41:33] INFO: 处理完成，耗时: 1m2.642663815s
[2025-07-14 12:42:31] INFO: 开始定时检查(间隔: @every 5m0s)...
[2025-07-14 12:42:31] INFO: 开始检查邮箱...
[2025-07-14 12:42:34] INFO: 处理完成，耗时: 1m3.194559731s
[2025-07-14 12:42:51] INFO: 处理完成，耗时: 20.004673248s
[2025-07-14 12:43:31] INFO: 开始定时检查(间隔: @every 5m0s)...
[2025-07-14 12:43:31] INFO: 开始检查邮箱...
[2025-07-14 12:43:45] INFO: 处理完成，耗时: 14.208879549s
[2025-07-14 12:44:31] INFO: 开始定时检查(间隔: @every 5m0s)...
[2025-07-14 12:44:31] INFO: 开始检查邮箱...
[2025-07-14 12:44:47] INFO: 处理完成，耗时: 16.653408138s
[2025-07-14 12:45:31] INFO: 开始定时检查(间隔: @every 5m0s)...
[2025-07-14 12:45:31] INFO: 开始检查邮箱...
[2025-07-14 12:45:46] INFO: 处理完成，耗时: 15.149831472s
[2025-07-14 12:46:31] INFO: 开始定时检查(间隔: @every 5m0s)...
[2025-07-14 12:46:31] INFO: 开始检查邮箱...
[2025-07-14 12:46:47] INFO: 处理完成，耗时: 16.720565561s
[2025-07-14 12:47:31] INFO: 开始定时检查(间隔: @every 5m0s)...
[2025-07-14 12:47:31] INFO: 开始检查邮箱...
[2025-07-14 12:47:52] INFO: 处理完成，耗时: 21.588394293s
[2025-07-14 12:48:31] INFO: 开始定时检查(间隔: @every 5m0s)...
[2025-07-14 12:48:31] INFO: 开始检查邮箱...
[2025-07-14 12:48:46] INFO: 处理完成，耗时: 15.637523226s
[2025-07-14 12:49:31] INFO: 开始定时检查(间隔: @every 5m0s)...
[2025-07-14 12:49:31] INFO: 开始检查邮箱...
[2025-07-14 12:49:48] INFO: 处理完成，耗时: 17.30700514s
[2025-07-14 12:50:31] INFO: 开始定时检查(间隔: @every 5m0s)...
[2025-07-14 12:50:31] INFO: 开始检查邮箱...
[2025-07-14 12:50:44] INFO: 处理完成，耗时: 13.409968308s
[2025-07-14 12:51:31] INFO: 开始定时检查(间隔: @every 5m0s)...
[2025-07-14 12:51:31] INFO: 开始检查邮箱...
[2025-07-14 12:51:46] INFO: 处理完成，耗时: 14.982917844s
[2025-07-14 12:52:31] INFO: 开始定时检查(间隔: @every 5m0s)...
[2025-07-14 12:52:31] INFO: 开始检查邮箱...
[2025-07-14 12:52:47] INFO: 处理完成，耗时: 16.526746953s
[2025-07-14 12:53:31] INFO: 开始定时检查(间隔: @every 5m0s)...
[2025-07-14 12:53:31] INFO: 开始检查邮箱...
[2025-07-14 12:53:48] INFO: 处理完成，耗时: 17.793175416s
[2025-07-14 12:54:31] INFO: 开始定时检查(间隔: @every 5m0s)...
[2025-07-14 12:54:31] INFO: 开始检查邮箱...
[2025-07-14 12:54:53] INFO: 处理完成，耗时: 22.766519202s
[2025-07-14 12:55:31] INFO: 开始定时检查(间隔: @every 5m0s)...
[2025-07-14 12:55:31] INFO: 开始检查邮箱...
[2025-07-14 12:55:44] INFO: 处理完成，耗时: 13.817843578s
[2025-07-14 12:56:31] INFO: 开始定时检查(间隔: @every 5m0s)...
[2025-07-14 12:56:31] INFO: 开始检查邮箱...
[2025-07-14 12:56:46] INFO: 处理完成，耗时: 15.906914039s
[2025-07-14 12:57:31] INFO: 开始定时检查(间隔: @every 5m0s)...
[2025-07-14 12:57:31] INFO: 开始检查邮箱...
[2025-07-14 12:57:44] INFO: 处理完成，耗时: 13.369231025s
[2025-07-14 12:58:31] INFO: 开始定时检查(间隔: @every 5m0s)...
[2025-07-14 12:58:31] INFO: 开始检查邮箱...
[2025-07-14 12:58:46] INFO: 处理完成，耗时: 15.099580677s
[2025-07-14 12:59:31] INFO: 开始定时检查(间隔: @every 5m0s)...
[2025-07-14 12:59:31] INFO: 开始检查邮箱...
[2025-07-14 12:59:59] INFO: 处理完成，耗时: 28.487818054s
[2025-07-14 13:00:31] INFO: 开始定时检查(间隔: @every 5m0s)...
[2025-07-14 13:00:31] INFO: 开始检查邮箱...
[2025-07-14 13:00:47] INFO: 处理完成，耗时: 16.040834059s
[2025-07-14 13:01:31] INFO: 开始定时检查(间隔: @every 5m0s)...
[2025-07-14 13:01:31] INFO: 开始检查邮箱...
[2025-07-14 13:01:47] INFO: 处理完成，耗时: 16.105341714s
[2025-07-14 13:02:31] INFO: 开始定时检查(间隔: @every 5m0s)...
[2025-07-14 13:02:31] INFO: 开始检查邮箱...
[2025-07-14 13:02:42] INFO: 处理完成，耗时: 11.91148658s
[2025-07-14 13:03:31] INFO: 开始定时检查(间隔: @every 5m0s)...
[2025-07-14 13:03:31] INFO: 开始检查邮箱...
[2025-07-14 13:03:44] INFO: 处理完成，耗时: 13.863842112s
[2025-07-14 13:04:31] INFO: 开始定时检查(间隔: @every 5m0s)...
[2025-07-14 13:04:31] INFO: 开始检查邮箱...
[2025-07-14 13:04:48] INFO: 处理完成，耗时: 17.756942843s
[2025-07-14 13:05:31] INFO: 开始定时检查(间隔: @every 5m0s)...
[2025-07-14 13:05:31] INFO: 开始检查邮箱...
[2025-07-14 13:05:50] INFO: 处理完成，耗时: 19.224881266s
[2025-07-14 13:06:31] INFO: 开始定时检查(间隔: @every 5m0s)...
[2025-07-14 13:06:31] INFO: 开始检查邮箱...
[2025-07-14 13:06:49] INFO: 处理完成，耗时: 18.851954498s
[2025-07-14 13:07:31] INFO: 开始定时检查(间隔: @every 5m0s)...
[2025-07-14 13:07:31] INFO: 开始检查邮箱...
[2025-07-14 13:07:43] INFO: 处理完成，耗时: 12.410346268s
[2025-07-14 13:08:31] INFO: 开始定时检查(间隔: @every 5m0s)...
[2025-07-14 13:08:31] INFO: 开始检查邮箱...
[2025-07-14 13:08:44] INFO: 处理完成，耗时: 13.023994036s
[2025-07-14 13:09:31] INFO: 开始定时检查(间隔: @every 5m0s)...
[2025-07-14 13:09:31] INFO: 开始检查邮箱...
[2025-07-14 13:09:47] INFO: 处理完成，耗时: 15.971126677s
[2025-07-14 13:10:31] INFO: 开始定时检查(间隔: @every 5m0s)...
[2025-07-14 13:10:31] INFO: 开始检查邮箱...
[2025-07-14 13:10:53] INFO: 处理完成，耗时: 22.168225504s
[2025-07-14 13:11:31] INFO: 开始定时检查(间隔: @every 5m0s)...
[2025-07-14 13:11:31] INFO: 开始检查邮箱...
[2025-07-14 13:11:42] INFO: 处理完成，耗时: 11.482056141s
[2025-07-14 13:12:31] INFO: 开始定时检查(间隔: @every 5m0s)...
[2025-07-14 13:12:31] INFO: 开始检查邮箱...
[2025-07-14 13:12:44] INFO: 处理完成，耗时: 13.261102584s
[2025-07-14 13:13:31] INFO: 开始定时检查(间隔: @every 5m0s)...
[2025-07-14 13:13:31] INFO: 开始检查邮箱...
[2025-07-14 13:13:46] INFO: 处理完成，耗时: 15.396583034s
[2025-07-14 13:14:31] INFO: 开始定时检查(间隔: @every 5m0s)...
[2025-07-14 13:14:31] INFO: 开始检查邮箱...
[2025-07-14 13:14:45] INFO: 处理完成，耗时: 14.700495378s
[2025-07-14 13:15:31] INFO: 开始定时检查(间隔: @every 5m0s)...
[2025-07-14 13:15:31] INFO: 开始检查邮箱...
[2025-07-14 13:15:45] INFO: 处理完成，耗时: 14.420936397s
[2025-07-14 13:16:31] INFO: 开始定时检查(间隔: @every 5m0s)...
[2025-07-14 13:16:31] INFO: 开始检查邮箱...
[2025-07-14 13:16:43] INFO: 处理完成，耗时: 12.420424698s
[2025-07-14 13:17:31] INFO: 开始定时检查(间隔: @every 5m0s)...
[2025-07-14 13:17:31] INFO: 开始检查邮箱...
[2025-07-14 13:17:50] INFO: 处理完成，耗时: 18.928480165s
[2025-07-14 13:18:31] INFO: 开始定时检查(间隔: @every 5m0s)...
[2025-07-14 13:18:31] INFO: 开始检查邮箱...
[2025-07-14 13:18:44] INFO: 处理完成，耗时: 13.713875813s
[2025-07-14 13:19:31] INFO: 开始定时检查(间隔: @every 5m0s)...
[2025-07-14 13:19:31] INFO: 开始检查邮箱...
[2025-07-14 13:19:45] INFO: 处理完成，耗时: 14.295950444s
[2025-07-14 13:20:31] INFO: 开始定时检查(间隔: @every 5m0s)...
[2025-07-14 13:20:31] INFO: 开始检查邮箱...
[2025-07-14 13:20:47] INFO: 处理完成，耗时: 16.234295666s
[2025-07-14 13:21:31] INFO: 开始定时检查(间隔: @every 5m0s)...
[2025-07-14 13:21:31] INFO: 开始检查邮箱...
[2025-07-14 13:21:44] INFO: 处理完成，耗时: 13.678017047s
[2025-07-14 13:22:31] INFO: 开始定时检查(间隔: @every 5m0s)...
[2025-07-14 13:22:31] INFO: 开始检查邮箱...
[2025-07-14 13:22:44] INFO: 处理完成，耗时: 13.63783936s
[2025-07-14 13:23:31] INFO: 开始定时检查(间隔: @every 5m0s)...
[2025-07-14 13:23:31] INFO: 开始检查邮箱...
[2025-07-14 13:23:48] INFO: 处理完成，耗时: 17.235321595s
[2025-07-14 13:24:31] INFO: 开始定时检查(间隔: @every 5m0s)...
[2025-07-14 13:24:31] INFO: 开始检查邮箱...
[2025-07-14 13:24:49] INFO: 处理完成，耗时: 18.720651376s
[2025-07-14 13:25:31] INFO: 开始定时检查(间隔: @every 5m0s)...
[2025-07-14 13:25:31] INFO: 开始检查邮箱...
[2025-07-14 13:25:48] INFO: 处理完成，耗时: 17.026327351s
[2025-07-14 13:26:31] INFO: 开始定时检查(间隔: @every 5m0s)...
[2025-07-14 13:26:31] INFO: 开始检查邮箱...
[2025-07-14 13:26:44] INFO: 处理完成，耗时: 13.612838607s
[2025-07-14 13:27:31] INFO: 开始定时检查(间隔: @every 5m0s)...
[2025-07-14 13:27:31] INFO: 开始检查邮箱...
[2025-07-14 13:27:44] INFO: 处理完成，耗时: 13.839693731s
[2025-07-14 13:28:31] INFO: 开始定时检查(间隔: @every 5m0s)...
[2025-07-14 13:28:31] INFO: 开始检查邮箱...
[2025-07-14 13:28:46] INFO: 处理完成，耗时: 15.359751141s
[2025-07-14 13:29:31] INFO: 开始定时检查(间隔: @every 5m0s)...
[2025-07-14 13:29:31] INFO: 开始检查邮箱...
[2025-07-14 13:29:48] INFO: 处理完成，耗时: 17.518661133s
[2025-07-14 13:30:31] INFO: 开始定时检查(间隔: @every 5m0s)...
[2025-07-14 13:30:31] INFO: 开始检查邮箱...
[2025-07-14 13:30:46] INFO: 处理完成，耗时: 15.509479716s
[2025-07-14 13:31:31] INFO: 开始定时检查(间隔: @every 5m0s)...
[2025-07-14 13:31:31] INFO: 开始检查邮箱...
[2025-07-14 13:31:43] INFO: 处理完成，耗时: 12.693166111s
[2025-07-14 13:32:31] INFO: 开始定时检查(间隔: @every 5m0s)...
[2025-07-14 13:32:31] INFO: 开始检查邮箱...
[2025-07-14 13:32:48] INFO: 处理完成，耗时: 17.078337984s
[2025-07-14 13:33:31] INFO: 开始定时检查(间隔: @every 5m0s)...
[2025-07-14 13:33:31] INFO: 开始检查邮箱...
[2025-07-14 13:33:43] INFO: 处理完成，耗时: 11.991443193s
[2025-07-14 13:34:31] INFO: 开始定时检查(间隔: @every 5m0s)...
[2025-07-14 13:34:31] INFO: 开始检查邮箱...
[2025-07-14 13:34:53] INFO: 处理完成，耗时: 22.629457878s
[2025-07-14 13:35:31] INFO: 开始定时检查(间隔: @every 5m0s)...
[2025-07-14 13:35:31] INFO: 开始检查邮箱...
[2025-07-14 13:35:46] INFO: 处理完成，耗时: 15.311370687s
[2025-07-14 13:36:31] INFO: 开始定时检查(间隔: @every 5m0s)...
[2025-07-14 13:36:31] INFO: 开始检查邮箱...
[2025-07-14 13:36:44] INFO: 处理完成，耗时: 13.165767762s
[2025-07-14 13:37:31] INFO: 开始定时检查(间隔: @every 5m0s)...
[2025-07-14 13:37:31] INFO: 开始检查邮箱...
[2025-07-14 13:37:45] INFO: 处理完成，耗时: 14.246369388s
[2025-07-14 13:38:31] INFO: 开始定时检查(间隔: @every 5m0s)...
[2025-07-14 13:38:31] INFO: 开始检查邮箱...
[2025-07-14 13:39:20] INFO: 处理完成，耗时: 49.077009526s
[2025-07-14 13:39:31] INFO: 开始定时检查(间隔: @every 5m0s)...
[2025-07-14 13:39:31] INFO: 开始检查邮箱...
[2025-07-14 13:39:44] INFO: 处理完成，耗时: 13.9415595s
[2025-07-14 13:40:31] INFO: 开始定时检查(间隔: @every 5m0s)...
[2025-07-14 13:40:31] INFO: 开始检查邮箱...
[2025-07-14 13:41:31] INFO: 开始定时检查(间隔: @every 5m0s)...
[2025-07-14 13:41:31] INFO: 开始检查邮箱...
[2025-07-14 13:41:37] INFO: 处理完成，耗时: 1m6.489710177s
[2025-07-14 13:41:55] INFO: 处理完成，耗时: 24.302795258s
[2025-07-14 13:42:31] INFO: 开始定时检查(间隔: @every 5m0s)...
[2025-07-14 13:42:31] INFO: 开始检查邮箱...
[2025-07-14 13:42:51] INFO: 处理完成，耗时: 20.360682285s
[2025-07-14 13:43:31] INFO: 开始定时检查(间隔: @every 5m0s)...
[2025-07-14 13:43:31] INFO: 开始检查邮箱...
[2025-07-14 13:43:55] INFO: 处理完成，耗时: 24.34150226s
[2025-07-14 13:44:31] INFO: 开始定时检查(间隔: @every 5m0s)...
[2025-07-14 13:44:31] INFO: 开始检查邮箱...
[2025-07-14 13:44:47] INFO: 处理完成，耗时: 16.714605493s
[2025-07-14 13:45:31] INFO: 开始定时检查(间隔: @every 5m0s)...
[2025-07-14 13:45:31] INFO: 开始检查邮箱...
[2025-07-14 13:45:45] INFO: 处理完成，耗时: 14.051183852s
[2025-07-14 13:46:31] INFO: 开始定时检查(间隔: @every 5m0s)...
[2025-07-14 13:46:31] INFO: 开始检查邮箱...
[2025-07-14 13:47:18] INFO: 处理完成，耗时: 47.219874809s
[2025-07-14 13:47:31] INFO: 开始定时检查(间隔: @every 5m0s)...
[2025-07-14 13:47:31] INFO: 开始检查邮箱...
[2025-07-14 13:47:52] INFO: 处理完成，耗时: 21.223060338s
[2025-07-14 13:48:31] INFO: 开始定时检查(间隔: @every 5m0s)...
[2025-07-14 13:48:31] INFO: 开始检查邮箱...
[2025-07-14 13:48:47] INFO: 处理完成，耗时: 16.788822661s
[2025-07-14 13:49:31] INFO: 开始定时检查(间隔: @every 5m0s)...
[2025-07-14 13:49:31] INFO: 开始检查邮箱...
[2025-07-14 13:49:44] INFO: 处理完成，耗时: 13.054826903s
[2025-07-14 13:50:31] INFO: 开始定时检查(间隔: @every 5m0s)...
[2025-07-14 13:50:31] INFO: 开始检查邮箱...
[2025-07-14 13:50:48] INFO: 处理完成，耗时: 17.57422765s
[2025-07-14 13:51:31] INFO: 开始定时检查(间隔: @every 5m0s)...
[2025-07-14 13:51:31] INFO: 开始检查邮箱...
[2025-07-14 13:51:46] INFO: 处理完成，耗时: 15.258255649s
[2025-07-14 13:52:31] INFO: 开始定时检查(间隔: @every 5m0s)...
[2025-07-14 13:52:31] INFO: 开始检查邮箱...
[2025-07-14 13:52:48] INFO: 处理完成，耗时: 17.830982685s
[2025-07-14 13:53:31] INFO: 开始定时检查(间隔: @every 5m0s)...
[2025-07-14 13:53:31] INFO: 开始检查邮箱...
[2025-07-14 13:53:49] INFO: 处理完成，耗时: 18.717098273s
[2025-07-14 13:54:31] INFO: 开始定时检查(间隔: @every 5m0s)...
[2025-07-14 13:54:31] INFO: 开始检查邮箱...
[2025-07-14 13:54:43] INFO: 处理完成，耗时: 12.705057175s
[2025-07-14 13:55:31] INFO: 开始定时检查(间隔: @every 5m0s)...
[2025-07-14 13:55:31] INFO: 开始检查邮箱...
[2025-07-14 13:55:59] INFO: 处理完成，耗时: 28.673026444s
[2025-07-14 13:56:31] INFO: 开始定时检查(间隔: @every 5m0s)...
[2025-07-14 13:56:31] INFO: 开始检查邮箱...
[2025-07-14 13:56:50] INFO: 处理完成，耗时: 19.595613908s
[2025-07-14 13:57:31] INFO: 开始定时检查(间隔: @every 5m0s)...
[2025-07-14 13:57:31] INFO: 开始检查邮箱...
[2025-07-14 13:57:47] INFO: 处理完成，耗时: 16.720420991s
[2025-07-14 13:58:31] INFO: 开始定时检查(间隔: @every 5m0s)...
[2025-07-14 13:58:31] INFO: 开始检查邮箱...
[2025-07-14 13:58:44] INFO: 处理完成，耗时: 13.139389271s
[2025-07-14 13:59:31] INFO: 开始定时检查(间隔: @every 5m0s)...
[2025-07-14 13:59:31] INFO: 开始检查邮箱...
[2025-07-14 13:59:44] INFO: 处理完成，耗时: 13.20752857s
[2025-07-14 14:00:31] INFO: 开始定时检查(间隔: @every 5m0s)...
[2025-07-14 14:00:31] INFO: 开始检查邮箱...
[2025-07-14 14:00:55] INFO: 处理完成，耗时: 24.812220762s
[2025-07-14 14:01:31] INFO: 开始定时检查(间隔: @every 5m0s)...
[2025-07-14 14:01:31] INFO: 开始检查邮箱...
[2025-07-14 14:01:48] INFO: 处理完成，耗时: 17.493359268s
[2025-07-14 14:02:31] INFO: 开始定时检查(间隔: @every 5m0s)...
[2025-07-14 14:02:31] INFO: 开始检查邮箱...
[2025-07-14 14:02:48] INFO: 处理完成，耗时: 17.157035361s
[2025-07-14 14:03:31] INFO: 开始定时检查(间隔: @every 5m0s)...
[2025-07-14 14:03:31] INFO: 开始检查邮箱...
[2025-07-14 14:03:47] INFO: 处理完成，耗时: 16.922687574s
[2025-07-14 14:04:31] INFO: 开始定时检查(间隔: @every 5m0s)...
[2025-07-14 14:04:31] INFO: 开始检查邮箱...
[2025-07-14 14:04:50] INFO: 处理完成，耗时: 19.095526678s
[2025-07-14 14:05:31] INFO: 开始定时检查(间隔: @every 5m0s)...
[2025-07-14 14:05:31] INFO: 开始检查邮箱...
[2025-07-14 14:05:45] INFO: 处理完成，耗时: 14.50533714s
[2025-07-14 14:06:31] INFO: 开始定时检查(间隔: @every 5m0s)...
[2025-07-14 14:06:31] INFO: 开始检查邮箱...
[2025-07-14 14:06:47] INFO: 处理完成，耗时: 16.858115949s
[2025-07-14 14:07:31] INFO: 开始定时检查(间隔: @every 5m0s)...
[2025-07-14 14:07:31] INFO: 开始检查邮箱...
[2025-07-14 14:07:44] INFO: 处理完成，耗时: 13.277376779s
[2025-07-14 14:08:31] INFO: 开始定时检查(间隔: @every 5m0s)...
[2025-07-14 14:08:31] INFO: 开始检查邮箱...
[2025-07-14 14:08:46] INFO: 处理完成，耗时: 15.832725447s
[2025-07-14 14:09:31] INFO: 开始定时检查(间隔: @every 5m0s)...
[2025-07-14 14:09:31] INFO: 开始检查邮箱...
[2025-07-14 14:09:45] INFO: 处理完成，耗时: 14.610760702s
[2025-07-14 14:10:31] INFO: 开始定时检查(间隔: @every 5m0s)...
[2025-07-14 14:10:31] INFO: 开始检查邮箱...
[2025-07-14 14:10:42] INFO: 处理完成，耗时: 11.525480289s
[2025-07-14 14:11:31] INFO: 开始定时检查(间隔: @every 5m0s)...
[2025-07-14 14:11:31] INFO: 开始检查邮箱...
[2025-07-14 14:11:51] INFO: 处理完成，耗时: 20.459569577s
[2025-07-14 14:12:31] INFO: 开始定时检查(间隔: @every 5m0s)...
[2025-07-14 14:12:31] INFO: 开始检查邮箱...
[2025-07-14 14:12:44] INFO: 处理完成，耗时: 13.674776779s
[2025-07-14 14:13:31] INFO: 开始定时检查(间隔: @every 5m0s)...
[2025-07-14 14:13:31] INFO: 开始检查邮箱...
[2025-07-14 14:13:48] INFO: 处理完成，耗时: 17.165171634s
[2025-07-14 14:14:31] INFO: 开始定时检查(间隔: @every 5m0s)...
[2025-07-14 14:14:31] INFO: 开始检查邮箱...
[2025-07-14 14:15:03] INFO: 处理完成，耗时: 31.935048914s
[2025-07-14 14:15:31] INFO: 开始定时检查(间隔: @every 5m0s)...
[2025-07-14 14:15:31] INFO: 开始检查邮箱...
[2025-07-14 14:15:49] INFO: 处理完成，耗时: 18.135994169s
[2025-07-14 14:16:31] INFO: 开始定时检查(间隔: @every 5m0s)...
[2025-07-14 14:16:31] INFO: 开始检查邮箱...
[2025-07-14 14:16:45] INFO: 处理完成，耗时: 14.162295196s
[2025-07-14 14:17:31] INFO: 开始定时检查(间隔: @every 5m0s)...
[2025-07-14 14:17:31] INFO: 开始检查邮箱...
[2025-07-14 14:17:55] INFO: 处理完成，耗时: 24.073128831s
[2025-07-14 14:18:31] INFO: 开始定时检查(间隔: @every 5m0s)...
[2025-07-14 14:18:31] INFO: 开始检查邮箱...
[2025-07-14 14:18:48] INFO: 处理完成，耗时: 16.996854985s
[2025-07-14 14:19:31] INFO: 开始定时检查(间隔: @every 5m0s)...
[2025-07-14 14:19:31] INFO: 开始检查邮箱...
[2025-07-14 14:19:45] INFO: 处理完成，耗时: 14.167224033s
[2025-07-14 14:20:31] INFO: 开始定时检查(间隔: @every 5m0s)...
[2025-07-14 14:20:31] INFO: 开始检查邮箱...
[2025-07-14 14:20:46] INFO: 处理完成，耗时: 15.475535496s
[2025-07-14 14:21:31] INFO: 开始定时检查(间隔: @every 5m0s)...
[2025-07-14 14:21:31] INFO: 开始检查邮箱...
[2025-07-14 14:21:53] INFO: 处理完成，耗时: 22.241041056s
[2025-07-14 14:22:31] INFO: 开始定时检查(间隔: @every 5m0s)...
[2025-07-14 14:22:31] INFO: 开始检查邮箱...
[2025-07-14 14:22:45] INFO: 处理完成，耗时: 13.981883238s
[2025-07-14 14:23:31] INFO: 开始定时检查(间隔: @every 5m0s)...
[2025-07-14 14:23:31] INFO: 开始检查邮箱...
[2025-07-14 14:23:57] INFO: 处理完成，耗时: 26.143926801s
[2025-07-14 14:24:31] INFO: 开始定时检查(间隔: @every 5m0s)...
[2025-07-14 14:24:31] INFO: 开始检查邮箱...
[2025-07-14 14:24:48] INFO: 处理完成，耗时: 16.966903374s
[2025-07-14 14:25:31] INFO: 开始定时检查(间隔: @every 5m0s)...
[2025-07-14 14:25:31] INFO: 开始检查邮箱...
[2025-07-14 14:25:53] INFO: 处理完成，耗时: 22.107398942s
[2025-07-14 14:26:31] INFO: 开始定时检查(间隔: @every 5m0s)...
[2025-07-14 14:26:31] INFO: 开始检查邮箱...
[2025-07-14 14:26:51] INFO: 处理完成，耗时: 20.612162002s
[2025-07-14 14:27:31] INFO: 开始定时检查(间隔: @every 5m0s)...
[2025-07-14 14:27:31] INFO: 开始检查邮箱...
[2025-07-14 14:27:47] INFO: 处理完成，耗时: 16.212132259s
[2025-07-14 14:28:31] INFO: 开始定时检查(间隔: @every 5m0s)...
[2025-07-14 14:28:31] INFO: 开始检查邮箱...
[2025-07-14 14:28:48] INFO: 处理完成，耗时: 16.953940414s
[2025-07-14 14:29:31] INFO: 开始定时检查(间隔: @every 5m0s)...
[2025-07-14 14:29:31] INFO: 开始检查邮箱...
[2025-07-14 14:29:46] INFO: 处理完成，耗时: 15.115238584s
[2025-07-14 14:30:31] INFO: 开始定时检查(间隔: @every 5m0s)...
[2025-07-14 14:30:31] INFO: 开始检查邮箱...
[2025-07-14 14:30:44] INFO: 处理完成，耗时: 13.268629156s
[2025-07-14 14:30:57] INFO: 邮件监控服务已启动(检查间隔: 5m0s)，按Ctrl+C退出
[2025-07-14 14:33:05] INFO: 邮件监控服务已启动(检查间隔: 5m0s)，按Ctrl+C退出
[2025-07-14 14:34:23] INFO: 开始定时检查(间隔: @every 5m0s)...
[2025-07-14 14:34:23] INFO: 开始检查邮箱...
[2025-07-14 14:38:10] INFO: 邮件监控服务已启动(检查间隔: 5m0s)，按Ctrl+C退出
[2025-07-14 14:39:09] INFO: 开始定时检查(间隔: @every 5m0s)...
[2025-07-14 14:39:09] INFO: 开始检查邮箱...
[2025-07-14 14:40:13] INFO: 开始定时检查(间隔: @every 5m0s)...
[2025-07-14 14:40:25] INFO: 开始检查邮箱...
[2025-07-14 14:43:39] INFO: 邮件监控服务已启动(检查间隔: 5m0s)，按Ctrl+C退出
[2025-07-14 14:43:43] INFO: 邮件监控服务已启动(检查间隔: 5m0s)，按Ctrl+C退出
[2025-07-14 14:43:53] INFO: 邮件监控服务已启动(检查间隔: 5m0s)，按Ctrl+C退出
[2025-07-14 14:44:53] INFO: 开始定时检查(间隔: @every 5m0s)...
[2025-07-14 14:45:01] INFO: 开始检查邮箱...
[2025-07-14 14:47:03] INFO: 邮件监控服务已启动(检查间隔: 5m0s)，按Ctrl+C退出
[2025-07-14 14:48:03] INFO: 开始定时检查(间隔: @every 5m0s)...
[2025-07-14 14:48:08] INFO: 开始检查邮箱...
[2025-07-14 14:50:56] INFO: 开始定时检查(间隔: @every 5m0s)...
[2025-07-14 14:50:56] INFO: 开始检查邮箱...
[2025-07-14 14:59:37] INFO: 邮件监控服务已启动(检查间隔: 5m0s)，按Ctrl+C退出
[2025-07-14 15:10:47] INFO: 邮件监控服务已启动(检查间隔: 30s)，按Ctrl+C退出
[2025-07-14 15:11:45] INFO: 开始定时检查(间隔: @every 30s)...
[2025-07-14 15:11:45] INFO: 开始检查邮箱...
[2025-07-14 15:12:45] INFO: 开始定时检查(间隔: @every 30s)...
[2025-07-14 15:13:27] INFO: 开始检查邮箱...
[2025-07-14 15:13:45] INFO: 开始定时检查(间隔: @every 30s)...
[2025-07-14 15:14:01] INFO: 开始检查邮箱...
[2025-07-14 15:14:45] INFO: 开始定时检查(间隔: @every 30s)...
[2025-07-14 15:15:41] INFO: 开始检查邮箱...
[2025-07-14 15:15:50] INFO: 开始定时检查(间隔: @every 30s)...
[2025-07-14 15:16:14] INFO: 开始检查邮箱...
[2025-07-14 15:16:59] INFO: 开始定时检查(间隔: @every 30s)...
[2025-07-14 15:17:02] INFO: 开始检查邮箱...
[2025-07-14 15:18:52] INFO: 邮件监控服务已启动(检查间隔: 30s)，按Ctrl+C退出
[2025-07-14 15:19:22] INFO: 开始定时检查(间隔: @every 30s)...
[2025-07-14 15:19:29] INFO: 开始检查邮箱...
[2025-07-14 15:19:53] INFO: 开始定时检查(间隔: @every 30s)...
[2025-07-14 15:19:59] INFO: 开始检查邮箱...
[2025-07-14 15:20:46] INFO: 开始定时检查(间隔: @every 30s)...
[2025-07-14 15:20:56] INFO: 开始检查邮箱...
[2025-07-14 15:23:42] INFO: 邮件监控服务已启动(检查间隔: 30s)，按Ctrl+C退出
[2025-07-14 15:24:12] INFO: 开始定时检查(间隔: @every 30s)...
[2025-07-14 15:24:12] INFO: 开始检查邮箱...
[2025-07-14 15:24:42] INFO: 开始定时检查(间隔: @every 30s)...
[2025-07-14 15:24:42] INFO: 开始检查邮箱...
[2025-07-14 15:25:12] INFO: 开始定时检查(间隔: @every 30s)...
[2025-07-14 15:25:12] INFO: 开始检查邮箱...
[2025-07-14 15:25:42] INFO: 开始定时检查(间隔: @every 30s)...
[2025-07-14 15:25:42] INFO: 开始检查邮箱...
[2025-07-14 15:25:43] INFO: 邮件监控服务已启动(检查间隔: 30s)，按Ctrl+C退出
[2025-07-14 15:26:13] INFO: 开始定时检查(间隔: @every 30s)...
[2025-07-14 15:26:13] INFO: 开始检查邮箱...
[2025-07-14 15:26:43] INFO: 开始定时检查(间隔: @every 30s)...
[2025-07-14 15:26:43] INFO: 开始检查邮箱...
[2025-07-14 15:27:13] INFO: 开始定时检查(间隔: @every 30s)...
[2025-07-14 15:27:13] INFO: 开始检查邮箱...
[2025-07-14 15:27:43] INFO: 开始定时检查(间隔: @every 30s)...
[2025-07-14 15:27:43] INFO: 开始检查邮箱...
[2025-07-14 15:28:02] INFO: 邮件监控服务已启动(检查间隔: 30s)，按Ctrl+C退出
[2025-07-14 15:28:32] INFO: 开始定时检查(间隔: @every 30s)...
[2025-07-14 15:28:32] INFO: 开始检查邮箱...
[2025-07-14 15:29:02] INFO: 开始定时检查(间隔: @every 30s)...
[2025-07-14 15:29:02] INFO: 开始检查邮箱...
[2025-07-14 15:29:32] INFO: 开始定时检查(间隔: @every 30s)...
[2025-07-14 15:29:32] INFO: 开始检查邮箱...
[2025-07-14 15:30:02] INFO: 开始定时检查(间隔: @every 30s)...
[2025-07-14 15:30:02] INFO: 开始检查邮箱...
[2025-07-14 15:30:32] INFO: 开始定时检查(间隔: @every 30s)...
[2025-07-14 15:30:32] INFO: 开始检查邮箱...
[2025-07-14 15:31:02] INFO: 开始定时检查(间隔: @every 30s)...
[2025-07-14 15:31:02] INFO: 开始检查邮箱...
[2025-07-14 15:31:32] INFO: 开始定时检查(间隔: @every 30s)...
[2025-07-14 15:31:32] INFO: 开始检查邮箱...
[2025-07-14 15:32:02] INFO: 开始定时检查(间隔: @every 30s)...
[2025-07-14 15:32:02] INFO: 开始检查邮箱...
[2025-07-14 15:32:26] INFO: 邮件监控服务已启动(检查间隔: 30s)，按Ctrl+C退出
[2025-07-14 15:32:56] INFO: 开始定时检查(间隔: @every 30s)...
[2025-07-14 15:32:56] INFO: 开始检查邮箱...
[2025-07-14 15:33:26] INFO: 开始定时检查(间隔: @every 30s)...
[2025-07-14 15:33:26] INFO: 开始检查邮箱...
[2025-07-14 15:33:56] INFO: 开始定时检查(间隔: @every 30s)...
[2025-07-14 15:33:56] INFO: 开始检查邮箱...
[2025-07-14 15:34:26] INFO: 开始定时检查(间隔: @every 30s)...
[2025-07-14 15:34:26] INFO: 开始检查邮箱...
[2025-07-14 15:34:56] INFO: 开始定时检查(间隔: @every 30s)...
[2025-07-14 15:34:56] INFO: 开始检查邮箱...
[2025-07-14 15:35:26] INFO: 开始定时检查(间隔: @every 30s)...
[2025-07-14 15:35:26] INFO: 开始检查邮箱...
[2025-07-14 15:35:56] INFO: 开始定时检查(间隔: @every 30s)...
[2025-07-14 15:35:56] INFO: 开始检查邮箱...
[2025-07-14 15:36:26] INFO: 开始定时检查(间隔: @every 30s)...
[2025-07-14 15:36:26] INFO: 开始检查邮箱...
[2025-07-14 15:36:40] INFO: 邮件监控服务已启动(检查间隔: 30s)，按Ctrl+C退出
[2025-07-14 15:37:10] INFO: 开始定时检查(间隔: @every 30s)...
[2025-07-14 15:37:10] INFO: 开始检查邮箱...
[2025-07-14 15:37:28] INFO: 处理完成，耗时: 18.757111158s
[2025-07-14 15:37:40] INFO: 开始定时检查(间隔: @every 30s)...
[2025-07-14 15:37:40] INFO: 开始检查邮箱...
[2025-07-14 15:37:54] INFO: 处理完成，耗时: 14.638990552s
[2025-07-14 15:38:10] INFO: 开始定时检查(间隔: @every 30s)...
[2025-07-14 15:38:10] INFO: 开始检查邮箱...
[2025-07-14 15:38:27] INFO: 处理完成，耗时: 17.631360616s
[2025-07-14 15:38:40] INFO: 开始定时检查(间隔: @every 30s)...
[2025-07-14 15:38:40] INFO: 开始检查邮箱...
[2025-07-14 15:38:58] INFO: 处理完成，耗时: 18.73533237s
[2025-07-14 15:39:10] INFO: 开始定时检查(间隔: @every 30s)...
[2025-07-14 15:39:10] INFO: 开始检查邮箱...
[2025-07-14 15:39:23] INFO: 处理完成，耗时: 13.939891358s
[2025-07-14 15:39:40] INFO: 开始定时检查(间隔: @every 30s)...
[2025-07-14 15:39:40] INFO: 开始检查邮箱...
[2025-07-14 15:39:52] INFO: 处理完成，耗时: 12.527934939s
[2025-07-14 15:40:10] INFO: 开始定时检查(间隔: @every 30s)...
[2025-07-14 15:40:10] INFO: 开始检查邮箱...
[2025-07-14 15:40:24] INFO: 处理完成，耗时: 14.679983197s
[2025-07-14 15:40:40] INFO: 开始定时检查(间隔: @every 30s)...
[2025-07-14 15:40:40] INFO: 开始检查邮箱...
[2025-07-14 15:40:56] INFO: 处理完成，耗时: 16.83842525s
[2025-07-14 15:41:10] INFO: 开始定时检查(间隔: @every 30s)...
[2025-07-14 15:41:10] INFO: 开始检查邮箱...
[2025-07-14 15:41:30] INFO: 处理完成，耗时: 20.52721586s
[2025-07-14 15:41:40] INFO: 开始定时检查(间隔: @every 30s)...
[2025-07-14 15:41:40] INFO: 开始检查邮箱...
[2025-07-14 15:41:54] INFO: 处理完成，耗时: 14.694215436s
[2025-07-14 15:42:10] INFO: 开始定时检查(间隔: @every 30s)...
[2025-07-14 15:42:10] INFO: 开始检查邮箱...
[2025-07-14 15:42:27] INFO: 处理完成，耗时: 17.268803396s
[2025-07-14 15:42:40] INFO: 开始定时检查(间隔: @every 30s)...
[2025-07-14 15:42:40] INFO: 开始检查邮箱...
[2025-07-14 15:42:57] INFO: 处理完成，耗时: 17.357274898s
[2025-07-14 15:43:10] INFO: 开始定时检查(间隔: @every 30s)...
[2025-07-14 15:43:10] INFO: 开始检查邮箱...
[2025-07-14 15:43:25] INFO: 处理完成，耗时: 15.02175547s
[2025-07-14 15:43:37] INFO: 邮件监控服务已启动(检查间隔: 30s)，按Ctrl+C退出
[2025-07-14 15:44:07] INFO: 开始定时检查(间隔: @every 30s)...
[2025-07-14 15:44:07] INFO: 开始检查邮箱...
[2025-07-14 15:44:55] INFO: 开始定时检查(间隔: @every 30s)...
[2025-07-14 15:44:55] INFO: 开始检查邮箱...
[2025-07-14 15:45:10] INFO: 处理完成，耗时: 1m3.55862806s
[2025-07-14 15:45:19] INFO: 处理完成，耗时: 24.274219933s
[2025-07-14 15:45:26] INFO: 开始定时检查(间隔: @every 30s)...
[2025-07-14 15:45:26] INFO: 开始检查邮箱...
[2025-07-14 15:45:49] INFO: 处理完成，耗时: 22.930041444s
[2025-07-14 15:45:55] INFO: 开始定时检查(间隔: @every 30s)...
[2025-07-14 15:45:55] INFO: 开始检查邮箱...
[2025-07-14 15:46:10] INFO: 处理完成，耗时: 15.069284137s
[2025-07-14 15:46:25] INFO: 开始定时检查(间隔: @every 30s)...
[2025-07-14 15:46:25] INFO: 开始检查邮箱...
[2025-07-14 15:46:41] INFO: 处理完成，耗时: 16.086387245s
[2025-07-14 15:46:55] INFO: 开始定时检查(间隔: @every 30s)...
[2025-07-14 15:46:55] INFO: 开始检查邮箱...
[2025-07-14 15:47:14] INFO: 处理完成，耗时: 19.662046754s
[2025-07-14 15:47:25] INFO: 开始定时检查(间隔: @every 30s)...
[2025-07-14 15:47:25] INFO: 开始检查邮箱...
[2025-07-14 15:47:40] INFO: 处理完成，耗时: 15.58169946s
[2025-07-14 15:47:55] INFO: 开始定时检查(间隔: @every 30s)...
[2025-07-14 15:48:12] INFO: 开始检查邮箱...
[2025-07-14 15:48:25] INFO: 开始定时检查(间隔: @every 30s)...
[2025-07-14 15:48:39] INFO: 开始检查邮箱...
[2025-07-14 15:48:45] INFO: 处理完成，耗时: 33.228948918s
[2025-07-14 15:48:55] INFO: 开始定时检查(间隔: @every 30s)...
[2025-07-14 15:50:29] INFO: 邮件监控服务已启动(检查间隔: 30s)，按Ctrl+C退出
[2025-07-14 15:50:59] INFO: 开始定时检查(间隔: @every 30s)...
[2025-07-14 15:50:59] INFO: 开始检查邮箱...
[2025-07-14 15:51:30] INFO: 邮件监控服务已启动(检查间隔: 30s)，按Ctrl+C退出
[2025-07-14 15:52:00] INFO: 开始定时检查(间隔: @every 30s)...
[2025-07-14 15:52:00] INFO: 开始检查邮箱...
[2025-07-14 15:52:22] INFO: 处理完成，耗时: 22.89449761s
[2025-07-14 15:52:30] INFO: 开始定时检查(间隔: @every 30s)...
[2025-07-14 15:52:30] INFO: 开始检查邮箱...
[2025-07-14 15:52:56] INFO: 处理完成，耗时: 26.062053171s
[2025-07-14 15:53:00] INFO: 开始定时检查(间隔: @every 30s)...
[2025-07-14 15:53:00] INFO: 开始检查邮箱...
[2025-07-14 15:53:15] INFO: 处理完成，耗时: 15.682816902s
[2025-07-14 15:53:30] INFO: 开始定时检查(间隔: @every 30s)...
[2025-07-14 15:53:30] INFO: 开始检查邮箱...
[2025-07-14 15:53:46] INFO: 处理完成，耗时: 16.276638512s
[2025-07-14 15:54:00] INFO: 开始定时检查(间隔: @every 30s)...
[2025-07-14 15:54:00] INFO: 开始检查邮箱...
[2025-07-14 15:54:30] INFO: 开始定时检查(间隔: @every 30s)...
[2025-07-14 15:54:30] INFO: 开始检查邮箱...
[2025-07-14 15:54:37] INFO: 处理完成，耗时: 37.596543451s
[2025-07-14 15:54:53] INFO: 处理完成，耗时: 23.851500591s
[2025-07-14 15:55:00] INFO: 开始定时检查(间隔: @every 30s)...
[2025-07-14 15:55:00] INFO: 开始检查邮箱...
[2025-07-14 15:55:18] INFO: 处理完成，耗时: 18.226818932s
[2025-07-14 15:55:30] INFO: 开始定时检查(间隔: @every 30s)...
[2025-07-14 15:55:30] INFO: 开始检查邮箱...
[2025-07-14 15:55:47] INFO: 处理完成，耗时: 17.20411469s
[2025-07-14 16:11:50] INFO: 邮件监控服务已启动(检查间隔: 30s)，按Ctrl+C退出
[2025-07-14 16:13:03] INFO: 邮件监控服务已启动(检查间隔: 30s)，按Ctrl+C退出
[2025-07-14 16:13:47] INFO: 邮件监控服务已启动(检查间隔: 20s)，按Ctrl+C退出
[2025-07-14 16:14:47] INFO: 开始定时检查(间隔: @every 20s)...
[2025-07-14 16:14:47] INFO: 开始检查邮箱...
[2025-07-14 16:15:01] INFO: 处理完成，耗时: 14.700916252s
[2025-07-14 16:15:47] INFO: 开始定时检查(间隔: @every 20s)...
[2025-07-14 16:15:47] INFO: 开始检查邮箱...
[2025-07-14 16:17:15] INFO: 邮件监控服务已启动(检查间隔: 20s)，按Ctrl+C退出
[2025-07-14 16:17:35] INFO: 开始定时检查(间隔: @every 20s)...
[2025-07-14 16:17:35] INFO: 开始检查邮箱...
[2025-07-14 16:17:50] INFO: 处理完成，耗时: 15.433827253s
[2025-07-14 16:17:55] INFO: 开始定时检查(间隔: @every 20s)...
[2025-07-14 16:17:55] INFO: 开始检查邮箱...
[2025-07-14 16:18:11] INFO: 处理完成，耗时: 16.69613547s
[2025-07-14 16:18:15] INFO: 开始定时检查(间隔: @every 20s)...
[2025-07-14 16:18:15] INFO: 开始检查邮箱...
[2025-07-14 16:18:34] INFO: 处理完成，耗时: 19.774590788s
[2025-07-14 16:18:35] INFO: 开始定时检查(间隔: @every 20s)...
[2025-07-14 16:22:58] INFO: 开始检查邮箱...
[2025-07-14 16:25:12] INFO: 邮件监控服务已启动(检查间隔: 20s)，按Ctrl+C退出
[2025-07-14 16:26:40] INFO: 邮件监控服务已启动(检查间隔: 20s)，按Ctrl+C退出
[2025-07-14 16:26:52] INFO: 邮件监控服务已启动(检查间隔: 20s)，按Ctrl+C退出
[2025-07-14 16:27:00] INFO: 开始定时检查(间隔: @every 20s)...
[2025-07-14 16:27:00] INFO: 开始检查邮箱...
[2025-07-14 16:27:16] INFO: 开始定时检查(间隔: @every 20s)...
[2025-07-14 16:27:20] INFO: 开始检查邮箱...
[2025-07-14 16:28:04] INFO: 开始定时检查(间隔: @every 20s)...
[2025-07-14 16:28:04] INFO: 开始定时检查(间隔: @every 20s)...
[2025-07-14 16:28:04] INFO: 开始检查邮箱...
[2025-07-14 16:28:04] INFO: 开始检查邮箱...
[2025-07-14 16:29:01] INFO: 开始定时检查(间隔: @every 20s)...
[2025-07-14 16:29:01] INFO: 开始检查邮箱...
[2025-07-14 16:29:34] INFO: 开始定时检查(间隔: @every 20s)...
[2025-07-14 16:29:34] INFO: 开始检查邮箱...
[2025-07-14 16:29:34] ERROR: 检查处理邮件失败: 获取邮件失败: 获取邮件内容失败: imap: connection closed
[2025-07-14 16:29:53] INFO: 开始定时检查(间隔: @every 20s)...
[2025-07-14 16:29:53] INFO: 开始检查邮箱...
[2025-07-14 16:30:14] INFO: 开始定时检查(间隔: @every 20s)...
[2025-07-14 16:30:14] INFO: 开始检查邮箱...
[2025-07-14 16:30:14] INFO: 处理完成，耗时: 2m10.476826606s
[2025-07-14 16:30:32] INFO: 开始定时检查(间隔: @every 20s)...
[2025-07-14 16:30:32] INFO: 开始检查邮箱...
[2025-07-14 16:30:40] INFO: 处理完成，耗时: 2m35.951142797s
[2025-07-14 16:30:54] INFO: 开始定时检查(间隔: @every 20s)...
[2025-07-14 16:30:54] INFO: 开始检查邮箱...
[2025-07-14 16:30:59] INFO: 处理完成，耗时: 1m57.185604184s
[2025-07-14 16:31:12] INFO: 开始定时检查(间隔: @every 20s)...
[2025-07-14 16:31:12] INFO: 开始检查邮箱...
[2025-07-14 16:31:24] INFO: 处理完成，耗时: 1m50.550396644s
[2025-07-14 16:31:27] ERROR: 检查处理邮件失败: 获取邮件失败: 未连接到邮件服务器
[2025-07-14 16:31:27] ERROR: 检查处理邮件失败: 获取邮件失败: 未连接到邮件服务器
[2025-07-14 16:31:27] ERROR: 检查处理邮件失败: 获取邮件失败: 未连接到邮件服务器
[2025-07-14 16:31:27] ERROR: 检查处理邮件失败: 获取邮件失败: 未连接到邮件服务器
[2025-07-14 16:31:27] ERROR: 检查处理邮件失败: 获取邮件失败: 未连接到邮件服务器
[2025-07-14 16:31:42] INFO: 邮件监控服务已启动(检查间隔: 20s)，按Ctrl+C退出
[2025-07-14 16:32:05] INFO: 开始定时检查(间隔: @every 20s)...
[2025-07-14 16:32:05] INFO: 开始检查邮箱...
[2025-07-14 16:32:23] INFO: 开始定时检查(间隔: @every 20s)...
[2025-07-14 16:32:23] INFO: 开始检查邮箱...
[2025-07-14 16:32:23] INFO: 处理完成，耗时: 18.263724786s
[2025-07-14 16:32:35] INFO: 处理完成，耗时: 12.107928254s
[2025-07-14 16:32:42] INFO: 开始定时检查(间隔: @every 20s)...
[2025-07-14 16:32:42] INFO: 开始检查邮箱...
[2025-07-14 16:33:02] INFO: 开始定时检查(间隔: @every 20s)...
[2025-07-14 16:33:02] INFO: 开始检查邮箱...
[2025-07-14 16:33:03] INFO: 处理完成，耗时: 21.102151332s
[2025-07-14 16:33:14] INFO: 处理完成，耗时: 12.266690026s
[2025-07-14 16:33:22] INFO: 开始定时检查(间隔: @every 20s)...
[2025-07-14 16:33:22] INFO: 开始检查邮箱...
[2025-07-14 16:33:39] INFO: 处理完成，耗时: 16.994933439s
[2025-07-14 16:33:42] INFO: 开始定时检查(间隔: @every 20s)...
[2025-07-14 16:33:42] INFO: 开始检查邮箱...
[2025-07-14 16:33:55] INFO: 处理完成，耗时: 13.830049018s
[2025-07-14 16:34:02] INFO: 开始定时检查(间隔: @every 20s)...
[2025-07-14 16:34:02] INFO: 开始检查邮箱...
[2025-07-14 16:34:15] INFO: 处理完成，耗时: 13.310919163s
[2025-07-14 16:34:22] INFO: 开始定时检查(间隔: @every 20s)...
[2025-07-14 16:34:22] INFO: 开始检查邮箱...
[2025-07-14 16:34:38] INFO: 处理完成，耗时: 16.132430606s
[2025-07-14 16:34:42] INFO: 开始定时检查(间隔: @every 20s)...
[2025-07-14 16:34:42] INFO: 开始检查邮箱...
[2025-07-14 16:34:55] INFO: 处理完成，耗时: 13.761326794s
[2025-07-14 16:35:02] INFO: 开始定时检查(间隔: @every 20s)...
[2025-07-14 16:35:02] INFO: 开始检查邮箱...
[2025-07-14 16:35:22] INFO: 开始定时检查(间隔: @every 20s)...
[2025-07-14 16:35:22] INFO: 开始检查邮箱...
[2025-07-14 16:35:22] INFO: 处理完成，耗时: 20.097101247s
[2025-07-14 16:35:42] INFO: 开始定时检查(间隔: @every 20s)...
[2025-07-14 16:35:42] INFO: 开始检查邮箱...
[2025-07-14 16:35:44] INFO: 处理完成，耗时: 22.596573916s
[2025-07-14 16:36:00] INFO: 处理完成，耗时: 18.278840986s
[2025-07-14 18:48:37] INFO: 邮件监控服务已启动(检查间隔: 20s)，按Ctrl+C退出
[2025-07-14 18:48:57] INFO: 开始定时检查(间隔: @every 20s)...
[2025-07-14 18:52:37] INFO: 邮件监控服务已启动(检查间隔: 20s)，按Ctrl+C退出
[2025-07-14 18:52:57] INFO: 开始定时检查(间隔: @every 20s)...
[2025-07-14 18:52:57] INFO: 开始检查邮箱...
[2025-07-14 18:53:17] INFO: 开始定时检查(间隔: @every 20s)...
[2025-07-14 18:53:24] INFO: 开始检查邮箱...
[2025-07-14 18:54:31] INFO: 开始定时检查(间隔: @every 20s)...
[2025-07-14 18:54:31] INFO: 开始检查邮箱...
[2025-07-14 18:54:49] INFO: 开始定时检查(间隔: @every 20s)...
[2025-07-14 18:54:49] INFO: 开始检查邮箱...
[2025-07-14 18:55:03] INFO: 处理完成，耗时: 2m6.903370703s
[2025-07-14 18:55:05] INFO: 处理完成，耗时: 1m41.687636665s
[2025-07-14 18:57:27] INFO: 开始定时检查(间隔: @every 20s)...
[2025-07-14 18:57:27] INFO: 开始检查邮箱...
[2025-07-14 18:57:31] ERROR: 检查处理邮件失败: 获取邮件失败: 未连接到邮件服务器
[2025-07-14 18:57:35] INFO: 处理完成，耗时: 2m46.539059505s
[2025-07-14 18:57:36] ERROR: 检查处理邮件失败: 获取邮件失败: 未连接到邮件服务器
[2025-07-14 18:57:46] INFO: 开始定时检查(间隔: @every 20s)...
[2025-07-14 18:57:46] INFO: 开始检查邮箱...
[2025-07-14 18:58:06] INFO: 开始定时检查(间隔: @every 20s)...
[2025-07-14 18:58:06] INFO: 开始检查邮箱...
[2025-07-15 14:53:29] INFO: 邮件监控服务已启动(检查间隔: 20s)，按Ctrl+C退出
[2025-07-15 14:53:49] INFO: 开始定时检查(间隔: @every 20s)...
[2025-07-15 14:53:49] INFO: 开始检查邮箱...
[2025-07-15 19:16:59] INFO: 邮件监控服务已启动(检查间隔: 20s)，按Ctrl+C退出
[2025-07-15 19:17:19] INFO: 开始定时检查(间隔: @every 20s)...
[2025-07-15 19:17:19] INFO: 开始检查邮箱...
[2025-07-15 19:17:22] INFO: 处理完成，耗时: 3.677881513s
[2025-07-15 19:17:44] INFO: 开始定时检查(间隔: @every 20s)...
[2025-07-15 19:17:44] INFO: 开始检查邮箱...
[2025-07-15 19:19:10] INFO: 开始定时检查(间隔: @every 20s)...
[2025-07-15 19:19:10] INFO: 开始检查邮箱...
[2025-07-15 19:25:42] INFO: 邮件监控服务已启动(检查间隔: 20s)，按Ctrl+C退出
[2025-07-15 19:26:02] INFO: 开始定时检查(间隔: @every 20s)...
[2025-07-15 19:26:02] INFO: 开始检查邮箱...
[2025-07-15 19:26:11] INFO: 处理完成，耗时: 9.348642049s
[2025-07-15 19:26:29] INFO: 开始定时检查(间隔: @every 20s)...
[2025-07-15 19:26:29] INFO: 开始检查邮箱...
[2025-07-15 19:26:49] INFO: 开始定时检查(间隔: @every 20s)...
[2025-07-15 19:26:49] INFO: 开始检查邮箱...
[2025-07-15 19:26:59] INFO: 处理完成，耗时: 30.538756101s
[2025-07-15 19:27:04] INFO: 处理完成，耗时: 14.531439986s
[2025-07-15 19:27:09] INFO: 开始定时检查(间隔: @every 20s)...
[2025-07-15 19:27:09] INFO: 开始检查邮箱...
[2025-07-15 19:27:18] INFO: 处理完成，耗时: 9.475441741s
[2025-07-15 19:27:29] INFO: 开始定时检查(间隔: @every 20s)...
[2025-07-15 19:27:29] INFO: 开始检查邮箱...
[2025-07-15 19:27:33] INFO: 处理完成，耗时: 4.210218951s
[2025-07-15 19:27:49] INFO: 开始定时检查(间隔: @every 20s)...
[2025-07-15 19:27:49] INFO: 开始检查邮箱...
[2025-07-15 19:27:55] INFO: 处理完成，耗时: 6.446225425s
[2025-07-15 19:28:09] INFO: 开始定时检查(间隔: @every 20s)...
[2025-07-15 19:28:09] INFO: 开始检查邮箱...
[2025-07-15 19:28:13] INFO: 处理完成，耗时: 4.745522813s
[2025-07-15 19:28:18] INFO: 邮件监控服务已启动(检查间隔: 20s)，按Ctrl+C退出
[2025-07-15 19:28:38] INFO: 开始定时检查(间隔: @every 20s)...
[2025-07-15 19:28:38] INFO: 开始检查邮箱...
[2025-07-15 19:28:43] INFO: 处理完成，耗时: 5.720578489s
[2025-07-15 19:30:29] INFO: 邮件监控服务已启动(检查间隔: 20s)，按Ctrl+C退出
[2025-07-15 19:30:49] INFO: 开始定时检查(间隔: @every 20s)...
[2025-07-15 19:30:49] INFO: 开始检查邮箱...
[2025-07-15 19:30:53] INFO: 处理完成，耗时: 4.619537622s
[2025-07-15 21:14:52] INFO: 邮件监控服务已启动(检查间隔: 20s)，按Ctrl+C退出
[2025-07-15 21:15:12] INFO: 开始定时检查(间隔: @every 20s)...
[2025-07-15 21:15:12] INFO: 开始检查邮箱...
[2025-07-15 21:15:21] INFO: 处理完成，耗时: 9.315669783s
[2025-07-15 21:15:32] INFO: 开始定时检查(间隔: @every 20s)...
[2025-07-15 21:15:32] INFO: 开始检查邮箱...
[2025-07-15 21:15:36] INFO: 处理完成，耗时: 4.279987054s
[2025-07-15 21:15:52] INFO: 开始定时检查(间隔: @every 20s)...
[2025-07-15 21:15:52] INFO: 开始检查邮箱...
[2025-07-15 21:15:57] INFO: 处理完成，耗时: 5.198929473s
[2025-07-15 21:16:12] INFO: 开始定时检查(间隔: @every 20s)...
[2025-07-15 21:16:12] INFO: 开始检查邮箱...
[2025-07-15 21:16:16] INFO: 处理完成，耗时: 4.809156028s
[2025-07-15 21:16:32] INFO: 开始定时检查(间隔: @every 20s)...
[2025-07-15 21:16:32] INFO: 开始检查邮箱...
[2025-07-15 21:16:41] INFO: 邮件监控服务已启动(检查间隔: 20s)，按Ctrl+C退出
[2025-07-15 21:17:01] INFO: 开始定时检查(间隔: @every 20s)...
[2025-07-15 21:17:01] INFO: 开始检查邮箱...
[2025-07-15 21:17:05] INFO: 处理完成，耗时: 4.197721467s
[2025-07-15 21:17:21] INFO: 开始定时检查(间隔: @every 20s)...
[2025-07-15 21:17:21] INFO: 开始检查邮箱...
[2025-07-15 21:17:24] INFO: 处理完成，耗时: 3.798049009s
[2025-07-15 21:17:34] INFO: 邮件监控服务已启动(检查间隔: 20s)，按Ctrl+C退出
[2025-07-15 21:17:54] INFO: 开始定时检查(间隔: @every 20s)...
[2025-07-15 21:17:54] INFO: 开始检查邮箱...
[2025-07-15 21:17:58] INFO: 处理完成，耗时: 4.679843162s
[2025-07-15 21:18:14] INFO: 开始定时检查(间隔: @every 20s)...
[2025-07-15 21:18:14] INFO: 开始检查邮箱...
[2025-07-15 21:18:17] INFO: 处理完成，耗时: 3.836779549s
[2025-07-15 21:18:34] INFO: 开始定时检查(间隔: @every 20s)...
[2025-07-15 21:18:34] INFO: 开始检查邮箱...
[2025-07-15 21:18:37] INFO: 处理完成，耗时: 3.831082164s
[2025-07-15 21:18:54] INFO: 开始定时检查(间隔: @every 20s)...
[2025-07-15 21:18:54] INFO: 开始检查邮箱...
[2025-07-15 21:18:59] INFO: 处理完成，耗时: 5.732189532s
[2025-07-15 21:19:14] INFO: 开始定时检查(间隔: @every 20s)...
[2025-07-15 21:19:14] INFO: 开始检查邮箱...
[2025-07-15 21:19:18] INFO: 处理完成，耗时: 4.624168959s
[2025-07-15 21:19:28] INFO: 邮件监控服务已启动(检查间隔: 20s)，按Ctrl+C退出
[2025-07-15 21:19:48] INFO: 开始定时检查(间隔: @every 20s)...
[2025-07-15 21:19:48] INFO: 开始检查邮箱...
[2025-07-15 21:19:51] INFO: 处理完成，耗时: 3.800322499s
[2025-07-15 21:20:14] INFO: 开始定时检查(间隔: @every 20s)...
[2025-07-15 21:20:14] INFO: 开始检查邮箱...
[2025-07-15 21:20:42] INFO: 开始定时检查(间隔: @every 20s)...
[2025-07-15 21:20:49] INFO: 开始检查邮箱...
[2025-07-15 21:21:06] INFO: 开始定时检查(间隔: @every 20s)...
[2025-07-15 21:21:06] INFO: 开始检查邮箱...
[2025-07-15 21:21:08] INFO: 处理完成，耗时: 53.998202111s
[2025-07-15 21:21:17] INFO: 处理完成，耗时: 11.738905458s
[2025-07-15 21:21:21] INFO: 处理完成，耗时: 32.112279495s
[2025-07-15 21:21:25] INFO: 开始定时检查(间隔: @every 20s)...
[2025-07-15 21:21:25] INFO: 开始检查邮箱...
[2025-07-15 21:21:28] INFO: 处理完成，耗时: 3.660009048s
[2025-07-15 21:21:45] INFO: 开始定时检查(间隔: @every 20s)...
[2025-07-15 21:21:45] INFO: 开始检查邮箱...
[2025-07-15 21:21:49] INFO: 处理完成，耗时: 4.773782726s
[2025-07-15 21:22:05] INFO: 开始定时检查(间隔: @every 20s)...
[2025-07-15 21:22:05] INFO: 开始检查邮箱...
[2025-07-15 21:24:16] INFO: 邮件监控服务已启动(检查间隔: 20s)，按Ctrl+C退出
[2025-07-15 21:24:36] INFO: 开始定时检查(间隔: @every 20s)...
[2025-07-15 21:24:36] INFO: 开始检查邮箱...
[2025-07-15 21:24:45] INFO: 处理完成，耗时: 9.693144305s
[2025-07-15 21:24:56] INFO: 开始定时检查(间隔: @every 20s)...
[2025-07-15 21:24:56] INFO: 开始检查邮箱...
[2025-07-15 21:24:59] INFO: 处理完成，耗时: 3.843751109s
[2025-07-15 21:25:16] INFO: 开始定时检查(间隔: @every 20s)...
[2025-07-15 21:25:16] INFO: 开始检查邮箱...
[2025-07-15 21:25:22] INFO: 处理完成，耗时: 5.984401936s
[2025-07-15 21:25:36] INFO: 开始定时检查(间隔: @every 20s)...
[2025-07-15 21:25:36] INFO: 开始检查邮箱...
[2025-07-15 21:25:41] INFO: 处理完成，耗时: 5.259701036s
[2025-07-15 21:25:56] INFO: 开始定时检查(间隔: @every 20s)...
[2025-07-15 21:25:56] INFO: 开始检查邮箱...
[2025-07-15 21:25:59] INFO: 处理完成，耗时: 3.595297299s
[2025-07-15 21:26:08] INFO: 邮件监控服务已启动(检查间隔: 20s)，按Ctrl+C退出
[2025-07-15 21:26:28] INFO: 开始定时检查(间隔: @every 20s)...
[2025-07-15 21:26:28] INFO: 开始检查邮箱...
[2025-07-15 21:26:39] INFO: 处理完成，耗时: 11.264739805s
[2025-07-15 21:26:51] INFO: 开始定时检查(间隔: @every 20s)...
[2025-07-15 21:26:51] INFO: 开始检查邮箱...
[2025-07-15 21:27:15] INFO: 开始定时检查(间隔: @every 20s)...
[2025-07-15 21:27:15] INFO: 开始检查邮箱...
[2025-07-15 21:27:36] INFO: 开始定时检查(间隔: @every 20s)...
[2025-07-15 21:27:36] INFO: 开始检查邮箱...
[2025-07-15 21:27:49] INFO: 处理完成，耗时: 58.76342069s
[2025-07-15 21:27:55] INFO: 开始定时检查(间隔: @every 20s)...
[2025-07-15 21:27:55] INFO: 开始检查邮箱...
[2025-07-15 21:27:55] INFO: 处理完成，耗时: 19.596534817s
[2025-07-15 21:28:01] INFO: 处理完成，耗时: 46.391407894s
[2025-07-15 21:28:02] ERROR: 检查处理邮件失败: 获取邮件失败: 未连接到邮件服务器
[2025-07-15 21:29:34] INFO: 邮件监控服务已启动(检查间隔: 20s)，按Ctrl+C退出
[2025-07-15 21:29:54] INFO: 开始定时检查(间隔: @every 20s)...
[2025-07-15 21:29:54] INFO: 开始检查邮箱...
[2025-07-15 21:29:59] INFO: 处理完成，耗时: 5.735352029s
[2025-07-15 21:30:20] INFO: 开始定时检查(间隔: @every 20s)...
[2025-07-15 21:33:24] INFO: 邮件监控服务已启动(检查间隔: 20s)，按Ctrl+C退出
[2025-07-15 21:36:13] INFO: 邮件监控服务已启动(检查间隔: 20s)，按Ctrl+C退出
[2025-07-15 21:36:33] INFO: 开始定时检查(间隔: @every 20s)...
[2025-07-15 21:36:33] INFO: 开始检查邮箱...
[2025-07-15 21:36:42] INFO: 处理完成，耗时: 9.749464822s
[2025-07-15 21:36:53] INFO: 开始定时检查(间隔: @every 20s)...
[2025-07-15 21:36:53] INFO: 开始检查邮箱...
[2025-07-15 21:37:44] INFO: 开始定时检查(间隔: @every 20s)...
[2025-07-15 21:37:44] INFO: 开始检查邮箱...
[2025-07-15 21:38:21] INFO: 邮件监控服务已启动(检查间隔: 20s)，按Ctrl+C退出
[2025-07-15 21:38:41] INFO: 开始定时检查(间隔: @every 20s)...
[2025-07-15 21:38:41] INFO: 开始检查邮箱...
[2025-07-15 21:38:44] INFO: 处理完成，耗时: 3.87552067s
[2025-07-15 21:39:13] INFO: 开始定时检查(间隔: @every 20s)...
[2025-07-15 21:39:13] INFO: 开始检查邮箱...
[2025-07-15 21:39:23] INFO: 处理完成，耗时: 10.743293448s
[2025-07-15 21:39:33] INFO: 开始定时检查(间隔: @every 20s)...
[2025-07-15 21:39:33] INFO: 开始检查邮箱...
[2025-07-15 21:39:38] INFO: 处理完成，耗时: 5.300320784s
[2025-07-15 21:39:53] INFO: 开始定时检查(间隔: @every 20s)...
[2025-07-15 21:39:53] INFO: 开始检查邮箱...
[2025-07-15 21:40:02] INFO: 处理完成，耗时: 9.013504789s
[2025-07-15 21:40:13] INFO: 开始定时检查(间隔: @every 20s)...
[2025-07-15 21:40:13] INFO: 开始检查邮箱...
[2025-07-15 21:40:22] INFO: 处理完成，耗时: 9.114139276s
[2025-07-15 21:40:33] INFO: 开始定时检查(间隔: @every 20s)...
[2025-07-15 21:40:33] INFO: 开始检查邮箱...
[2025-07-15 21:40:37] INFO: 处理完成，耗时: 4.087041079s
[2025-07-15 21:40:53] INFO: 开始定时检查(间隔: @every 20s)...
[2025-07-15 21:40:53] INFO: 开始检查邮箱...
[2025-07-15 21:40:57] INFO: 处理完成，耗时: 4.854375571s
[2025-07-15 21:41:13] INFO: 开始定时检查(间隔: @every 20s)...
[2025-07-15 21:41:13] INFO: 开始检查邮箱...
[2025-07-15 21:41:17] INFO: 处理完成，耗时: 4.038265789s
[2025-07-15 21:41:33] INFO: 开始定时检查(间隔: @every 20s)...
[2025-07-15 21:41:33] INFO: 开始检查邮箱...
[2025-07-15 21:41:38] INFO: 处理完成，耗时: 5.799902626s
[2025-07-15 21:41:53] INFO: 开始定时检查(间隔: @every 20s)...
[2025-07-15 21:41:53] INFO: 开始检查邮箱...
[2025-07-15 21:41:57] INFO: 处理完成，耗时: 4.340247212s
[2025-07-15 21:42:13] INFO: 开始定时检查(间隔: @every 20s)...
[2025-07-15 21:42:13] INFO: 开始检查邮箱...
[2025-07-15 21:42:16] INFO: 处理完成，耗时: 3.904793403s
[2025-07-15 21:42:33] INFO: 开始定时检查(间隔: @every 20s)...
[2025-07-15 21:42:33] INFO: 开始检查邮箱...
[2025-07-15 21:42:42] INFO: 处理完成，耗时: 9.692371189s
[2025-07-15 21:42:53] INFO: 开始定时检查(间隔: @every 20s)...
[2025-07-15 21:42:53] INFO: 开始检查邮箱...
[2025-07-15 21:42:57] INFO: 处理完成，耗时: 4.3033374s
[2025-07-15 21:43:13] INFO: 开始定时检查(间隔: @every 20s)...
[2025-07-15 21:43:13] INFO: 开始检查邮箱...
[2025-07-15 21:43:17] INFO: 处理完成，耗时: 4.797873203s
[2025-07-15 21:43:33] INFO: 开始定时检查(间隔: @every 20s)...
[2025-07-15 21:43:33] INFO: 开始检查邮箱...
[2025-07-15 21:43:38] INFO: 处理完成，耗时: 5.20329827s
[2025-07-15 21:43:53] INFO: 开始定时检查(间隔: @every 20s)...
[2025-07-15 21:43:53] INFO: 开始检查邮箱...
[2025-07-15 21:43:57] INFO: 处理完成，耗时: 4.192144276s
[2025-07-15 21:44:13] INFO: 开始定时检查(间隔: @every 20s)...
[2025-07-15 21:44:13] INFO: 开始检查邮箱...
[2025-07-15 21:44:17] INFO: 处理完成，耗时: 4.354182179s
[2025-07-15 21:44:33] INFO: 开始定时检查(间隔: @every 20s)...
[2025-07-15 21:44:33] INFO: 开始检查邮箱...
[2025-07-15 21:44:37] INFO: 处理完成，耗时: 4.367695815s
[2025-07-15 21:45:11] INFO: 开始定时检查(间隔: @every 20s)...
[2025-07-15 21:45:11] INFO: 开始检查邮箱...
[2025-07-15 21:45:15] INFO: 处理完成，耗时: 4.5854341s
[2025-07-15 21:45:31] INFO: 开始定时检查(间隔: @every 20s)...
[2025-07-15 21:45:31] INFO: 开始检查邮箱...
[2025-07-15 21:45:34] INFO: 处理完成，耗时: 3.570225988s
[2025-07-15 21:45:51] INFO: 开始定时检查(间隔: @every 20s)...
[2025-07-15 21:45:51] INFO: 开始检查邮箱...
[2025-07-15 21:45:56] INFO: 处理完成，耗时: 5.243870407s
[2025-07-15 21:46:11] INFO: 开始定时检查(间隔: @every 20s)...
[2025-07-15 21:46:11] INFO: 开始检查邮箱...
[2025-07-15 21:46:15] INFO: 处理完成，耗时: 4.291003466s
[2025-07-15 21:46:31] INFO: 开始定时检查(间隔: @every 20s)...
[2025-07-15 21:46:31] INFO: 开始检查邮箱...
[2025-07-15 21:46:35] INFO: 处理完成，耗时: 4.460148754s
[2025-07-15 21:46:54] INFO: 开始定时检查(间隔: @every 20s)...
[2025-07-15 21:46:54] INFO: 开始检查邮箱...
[2025-07-15 21:46:58] INFO: 处理完成，耗时: 3.72153525s
[2025-07-15 21:47:14] INFO: 开始定时检查(间隔: @every 20s)...
[2025-07-15 21:47:14] INFO: 开始检查邮箱...
[2025-07-15 21:47:18] INFO: 处理完成，耗时: 4.118877685s
[2025-07-15 21:47:34] INFO: 开始定时检查(间隔: @every 20s)...
[2025-07-15 21:47:34] INFO: 开始检查邮箱...
[2025-07-15 21:47:37] INFO: 处理完成，耗时: 3.971357905s
[2025-07-15 21:54:59] INFO: 邮件监控服务已启动(检查间隔: 20s)，按Ctrl+C退出
